Using pre-set license
Built from '2021.3/staging' branch; Version is '2021.3.36f1 (7a0645017be0) revision 7996997'; Using compiler version '192829333'; Build Type 'Release'
OS: 'Windows 11  (10.0.22631) 64bit CoreSingleLanguage' Language: 'en' Physical Memory: 16084 MB
BatchMode: 1, IsHumanControllingUs: 0, StartBugReporterOnCrash: 0, Is64bit: 1, IsPro: 1

COMMAND LINE ARGUMENTS:
C:\Program Files\Unity\Hub\Editor\2021.3.36f1\Editor\Unity.exe
-adb2
-batchMode
-noUpm
-name
AssetImportWorker1
-projectPath
C:/Users/miche/Downloads/Game Engineering/Progress UAS Game Eng
-logFile
Logs/AssetImportWorker1.log
-srvPort
52335
Successfully changed project path to: C:/Users/miche/Downloads/Game Engineering/Progress UAS Game Eng
C:/Users/miche/Downloads/Game Engineering/Progress UAS Game Eng
[UnityMemory] Configuration Parameters - Can be set up in boot.config
    "memorysetup-bucket-allocator-granularity=16"
    "memorysetup-bucket-allocator-bucket-count=8"
    "memorysetup-bucket-allocator-block-size=33554432"
    "memorysetup-bucket-allocator-block-count=8"
    "memorysetup-main-allocator-block-size=16777216"
    "memorysetup-thread-allocator-block-size=16777216"
    "memorysetup-gfx-main-allocator-block-size=16777216"
    "memorysetup-gfx-thread-allocator-block-size=16777216"
    "memorysetup-cache-allocator-block-size=4194304"
    "memorysetup-typetree-allocator-block-size=2097152"
    "memorysetup-profiler-bucket-allocator-granularity=16"
    "memorysetup-profiler-bucket-allocator-bucket-count=8"
    "memorysetup-profiler-bucket-allocator-block-size=33554432"
    "memorysetup-profiler-bucket-allocator-block-count=8"
    "memorysetup-profiler-allocator-block-size=16777216"
    "memorysetup-profiler-editor-allocator-block-size=1048576"
    "memorysetup-temp-allocator-size-main=16777216"
    "memorysetup-job-temp-allocator-block-size=2097152"
    "memorysetup-job-temp-allocator-block-size-background=1048576"
    "memorysetup-job-temp-allocator-reduction-small-platforms=262144"
    "memorysetup-temp-allocator-size-background-worker=32768"
    "memorysetup-temp-allocator-size-job-worker=262144"
    "memorysetup-temp-allocator-size-preload-manager=33554432"
    "memorysetup-temp-allocator-size-nav-mesh-worker=65536"
    "memorysetup-temp-allocator-size-audio-worker=65536"
    "memorysetup-temp-allocator-size-cloud-worker=32768"
    "memorysetup-temp-allocator-size-gi-baking-worker=262144"
    "memorysetup-temp-allocator-size-gfx=262144"
Player connection [9680] Host "[IP] 192.168.56.1 [Port] 0 [Flags] 2 [Guid] 1807728517 [EditorId] 1807728517 [Version] 1048832 [Id] WindowsEditor(7,MSI) [Debug] 1 [PackageName] WindowsEditor [ProjectName] Editor" joined multi-casting on [225.0.0.222:54997]...

Player connection [9680] Host "[IP] 192.168.56.1 [Port] 0 [Flags] 2 [Guid] 1807728517 [EditorId] 1807728517 [Version] 1048832 [Id] WindowsEditor(7,MSI) [Debug] 1 [PackageName] WindowsEditor [ProjectName] Editor" joined alternative multi-casting on [225.0.0.222:34997]...

[Physics::Module] Initialized MultithreadedJobDispatcher with {0} workers.
Refreshing native plugins compatible for Editor in 92.91 ms, found 3 plugins.
Preloading 0 native plugins for Editor in 0.00 ms.
Initialize engine version: 2021.3.36f1 (7a0645017be0)
[Subsystems] Discovering subsystems at path C:/Program Files/Unity/Hub/Editor/2021.3.36f1/Editor/Data/Resources/UnitySubsystems
[Subsystems] Discovering subsystems at path C:/Users/miche/Downloads/Game Engineering/Progress UAS Game Eng/Assets
GfxDevice: creating device client; threaded=0; jobified=0
Direct3D:
    Version:  Direct3D 11.0 [level 11.1]
    Renderer: Intel(R) Iris(R) Xe Graphics (ID=0x46a6)
    Vendor:   Intel
    VRAM:     8042 MB
    Driver:   30.0.101.2079
Initialize mono
Mono path[0] = 'C:/Program Files/Unity/Hub/Editor/2021.3.36f1/Editor/Data/Managed'
Mono path[1] = 'C:/Program Files/Unity/Hub/Editor/2021.3.36f1/Editor/Data/MonoBleedingEdge/lib/mono/unityjit-win32'
Mono config path = 'C:/Program Files/Unity/Hub/Editor/2021.3.36f1/Editor/Data/MonoBleedingEdge/etc'
Using monoOptions --debugger-agent=transport=dt_socket,embedding=1,server=y,suspend=n,address=127.0.0.1:56252
Begin MonoManager ReloadAssembly
Registering precompiled unity dll's ...
Register platform support module: C:/Program Files/Unity/Hub/Editor/2021.3.36f1/Editor/Data/PlaybackEngines/WebGLSupport/UnityEditor.WebGL.Extensions.dll
Register platform support module: C:/Program Files/Unity/Hub/Editor/2021.3.36f1/Editor/Data/PlaybackEngines/WindowsStandaloneSupport/UnityEditor.WindowsStandalone.Extensions.dll
Registered in 0.004629 seconds.
Native extension for WindowsStandalone target not found
Native extension for WebGL target not found
Refreshing native plugins compatible for Editor in 81.96 ms, found 3 plugins.
Preloading 0 native plugins for Editor in 0.00 ms.
Mono: successfully reloaded assembly
- Completed reload, in  0.492 seconds
Domain Reload Profiling:
	ReloadAssembly (493ms)
		BeginReloadAssembly (80ms)
			ExecutionOrderSort (0ms)
			DisableScriptedObjects (0ms)
			BackupInstance (0ms)
			ReleaseScriptingObjects (0ms)
			CreateAndSetChildDomain (1ms)
		EndReloadAssembly (336ms)
			LoadAssemblies (79ms)
			RebuildTransferFunctionScriptingTraits (0ms)
			SetupTypeCache (75ms)
			ReleaseScriptCaches (0ms)
			RebuildScriptCaches (18ms)
			SetupLoadedEditorAssemblies (214ms)
				LogAssemblyErrors (0ms)
				InitializePlatformSupportModulesInManaged (8ms)
				SetLoadedEditorAssemblies (0ms)
				RefreshPlugins (82ms)
				BeforeProcessingInitializeOnLoad (1ms)
				ProcessInitializeOnLoadAttributes (89ms)
				ProcessInitializeOnLoadMethodAttributes (34ms)
				AfterProcessingInitializeOnLoad (0ms)
				EditorAssembliesLoaded (0ms)
			ExecutionOrderSort2 (0ms)
			AwakeInstancesAfterBackupRestoration (0ms)
Platform modules already initialized, skipping
Registering precompiled user dll's ...
Registered in 0.005800 seconds.
Begin MonoManager ReloadAssembly
Native extension for WindowsStandalone target not found
Native extension for WebGL target not found
Refreshing native plugins compatible for Editor in 90.99 ms, found 3 plugins.
Preloading 0 native plugins for Editor in 0.00 ms.
Package Manager log level set to [2]
[Package Manager] Server::EnsureServerProcessIsRunning -- launch failed, reason: Unity was launched with the -noUpm command-line argument
[Package Manager] Cannot connect to Unity Package Manager local server
Mono: successfully reloaded assembly
- Completed reload, in  1.734 seconds
Domain Reload Profiling:
	ReloadAssembly (1735ms)
		BeginReloadAssembly (114ms)
			ExecutionOrderSort (0ms)
			DisableScriptedObjects (4ms)
			BackupInstance (0ms)
			ReleaseScriptingObjects (0ms)
			CreateAndSetChildDomain (17ms)
		EndReloadAssembly (1517ms)
			LoadAssemblies (120ms)
			RebuildTransferFunctionScriptingTraits (0ms)
			SetupTypeCache (250ms)
			ReleaseScriptCaches (1ms)
			RebuildScriptCaches (54ms)
			SetupLoadedEditorAssemblies (1088ms)
				LogAssemblyErrors (0ms)
				InitializePlatformSupportModulesInManaged (4ms)
				SetLoadedEditorAssemblies (0ms)
				RefreshPlugins (91ms)
				BeforeProcessingInitializeOnLoad (110ms)
				ProcessInitializeOnLoadAttributes (791ms)
				ProcessInitializeOnLoadMethodAttributes (81ms)
				AfterProcessingInitializeOnLoad (10ms)
				EditorAssembliesLoaded (0ms)
			ExecutionOrderSort2 (0ms)
			AwakeInstancesAfterBackupRestoration (7ms)
Platform modules already initialized, skipping
========================================================================
Worker process is ready to serve import requests
Launched and connected shader compiler UnityShaderCompiler.exe after 0.13 seconds
Refreshing native plugins compatible for Editor in 0.93 ms, found 3 plugins.
Preloading 0 native plugins for Editor in 0.00 ms.
Unloading 5633 Unused Serialized files (Serialized files now loaded: 0)
Unloading 60 unused Assets / (2.1 MB). Loaded Objects now: 6082.
Memory consumption went from 251.9 MB to 249.8 MB.
Total: 6.172100 ms (FindLiveObjects: 0.413100 ms CreateObjectMapping: 0.294400 ms MarkObjects: 5.035700 ms  DeleteObjects: 0.427700 ms)

AssetImportParameters requested are different than current active one (requested -> active):
  custom:video-decoder-ogg-theora: a1e56fd34408186e4bbccfd4996cb3dc -> 
  custom:container-muxer-webm: aa71ff27fc2769a1b78a27578f13a17b -> 
  custom:container-demuxer-webm: 4f35f7cbe854078d1ac9338744f61a02 -> 
  custom:video-encoder-webm-vp8: eb34c28f22e8b96e1ab97ce403110664 -> 
  custom:CustomObjectIndexerAttribute: f67f22312cbe972f2da930a377ed3d15 -> 
  custom:audio-encoder-webm-vorbis: bf7c407c2cedff20999df2af8eb42d56 -> 
  custom:framework-win-MediaFoundation: 216162199b28c13a410421893ffa2e32 -> 
  custom:SearchIndexIgnoredProperties: e643bd26f0fe6173181afceb89e7c659 -> 
  custom:container-demuxer-ogg: 62fdf1f143b41e24485cea50d1cbac27 -> 
  custom:video-decoder-webm-vp8: 9c59270c3fd7afecdb556c50c9e8de78 -> 
  custom:audio-decoder-ogg-vorbis: bf7c407c2cedff20999df2af8eb42d56 -> 
========================================================================
Received Import Request.
  Time since last request: 858439.946497 seconds.
  path: Assets/LowPolyEnviroPack_LITE_builtIn/BeachArea_Set1/Materials/Sky.mat
  artifactKey: Guid(a665688ca26d8864a996bcedeb578031) Importer(815301076,1909f56bfc062723c751e8b465ee728b)
Number of updated assets reloaded before import = 0
Start importing Assets/LowPolyEnviroPack_LITE_builtIn/BeachArea_Set1/Materials/Sky.mat using Guid(a665688ca26d8864a996bcedeb578031) Importer(815301076,1909f56bfc062723c751e8b465ee728b)  -> (artifact id: 'bf594558df47dcea51118b48cfc371e3') in 0.447203 seconds 
Number of asset objects unloaded after import = 10
========================================================================
Received Import Request.
  Time since last request: 1.826267 seconds.
  path: Assets/LowPolyEnviroPack_LITE_builtIn/BeachArea_Set1/Wood_Plank_A.prefab
  artifactKey: Guid(20901c90e3c33e945920b6c7ef9f5119) Importer(815301076,1909f56bfc062723c751e8b465ee728b)
Number of updated assets reloaded before import = 0
Start importing Assets/LowPolyEnviroPack_LITE_builtIn/BeachArea_Set1/Wood_Plank_A.prefab using Guid(20901c90e3c33e945920b6c7ef9f5119) Importer(815301076,1909f56bfc062723c751e8b465ee728b)  -> (artifact id: 'a1a59246ba84d6bb85194d8fec8bb424') in 0.084050 seconds 
Number of asset objects unloaded after import = 12
========================================================================
Received Import Request.
  Time since last request: 6.013033 seconds.
  path: Assets/LowPolyEnviroPack_LITE_builtIn/BeachArea_Set1/Model
  artifactKey: Guid(2005c609c21da284f9a02395f75d9a90) Importer(815301076,1909f56bfc062723c751e8b465ee728b)
Number of updated assets reloaded before import = 0
Start importing Assets/LowPolyEnviroPack_LITE_builtIn/BeachArea_Set1/Model using Guid(2005c609c21da284f9a02395f75d9a90) Importer(815301076,1909f56bfc062723c751e8b465ee728b)  -> (artifact id: '4e749ff66aa490f3cb25a8258231a1ad') in 0.079678 seconds 
Number of asset objects unloaded after import = 0
========================================================================
Received Import Request.
  Time since last request: 2.807815 seconds.
  path: Assets/LowPolyEnviroPack_LITE_builtIn/BeachArea_Set1/Prefabs/Barrel_B.prefab
  artifactKey: Guid(99a7a2af61691fe4e984724984ca1fe8) Importer(815301076,1909f56bfc062723c751e8b465ee728b)
Number of updated assets reloaded before import = 0
Start importing Assets/LowPolyEnviroPack_LITE_builtIn/BeachArea_Set1/Prefabs/Barrel_B.prefab using Guid(99a7a2af61691fe4e984724984ca1fe8) Importer(815301076,1909f56bfc062723c751e8b465ee728b)  -> (artifact id: '70efe67903acf20249c80592c7a95c29') in 0.049793 seconds 
Number of asset objects unloaded after import = 12
========================================================================
Received Import Request.
  Time since last request: 0.000026 seconds.
  path: Assets/LowPolyEnviroPack_LITE_builtIn/BeachArea_Set1/Prefabs/Bin_A.prefab
  artifactKey: Guid(a828848d66a826148a9d5c39338d5677) Importer(815301076,1909f56bfc062723c751e8b465ee728b)
Number of updated assets reloaded before import = 0
Start importing Assets/LowPolyEnviroPack_LITE_builtIn/BeachArea_Set1/Prefabs/Bin_A.prefab using Guid(a828848d66a826148a9d5c39338d5677) Importer(815301076,1909f56bfc062723c751e8b465ee728b)  -> (artifact id: '89f7100c102aa87aa3f077fc2317a223') in 0.078683 seconds 
Number of asset objects unloaded after import = 12
========================================================================
Received Import Request.
  Time since last request: 0.000023 seconds.
  path: Assets/LowPolyEnviroPack_LITE_builtIn/BeachArea_Set1/Prefabs/Bush_Grassy_B.prefab
  artifactKey: Guid(cc3e96e8f043e164fb83cefe1d79e93e) Importer(815301076,1909f56bfc062723c751e8b465ee728b)
Number of updated assets reloaded before import = 0
Start importing Assets/LowPolyEnviroPack_LITE_builtIn/BeachArea_Set1/Prefabs/Bush_Grassy_B.prefab using Guid(cc3e96e8f043e164fb83cefe1d79e93e) Importer(815301076,1909f56bfc062723c751e8b465ee728b)  -> (artifact id: 'd8bf4debf58954c4108a7fc719cf751c') in 0.042533 seconds 
Number of asset objects unloaded after import = 11
========================================================================
Received Import Request.
  Time since last request: 0.000031 seconds.
  path: Assets/LowPolyEnviroPack_LITE_builtIn/BeachArea_Set1/Prefabs/Coin_Bag.prefab
  artifactKey: Guid(cb0941e4ea5f7724a83a98e5da9f1850) Importer(815301076,1909f56bfc062723c751e8b465ee728b)
Number of updated assets reloaded before import = 0
Start importing Assets/LowPolyEnviroPack_LITE_builtIn/BeachArea_Set1/Prefabs/Coin_Bag.prefab using Guid(cb0941e4ea5f7724a83a98e5da9f1850) Importer(815301076,1909f56bfc062723c751e8b465ee728b)  -> (artifact id: '609879f0c239f56b48b303c42c187d00') in 0.064927 seconds 
Number of asset objects unloaded after import = 12
========================================================================
Received Import Request.
  Time since last request: 0.000044 seconds.
  path: Assets/LowPolyEnviroPack_LITE_builtIn/BeachArea_Set1/Prefabs/Fence_Post_A.prefab
  artifactKey: Guid(7b5d5ecc3b14b11449fbf4fecdf865bd) Importer(815301076,1909f56bfc062723c751e8b465ee728b)
Number of updated assets reloaded before import = 0
Start importing Assets/LowPolyEnviroPack_LITE_builtIn/BeachArea_Set1/Prefabs/Fence_Post_A.prefab using Guid(7b5d5ecc3b14b11449fbf4fecdf865bd) Importer(815301076,1909f56bfc062723c751e8b465ee728b)  -> (artifact id: '85116bef161e62a6b52b1203f2b32ea1') in 0.081828 seconds 
Number of asset objects unloaded after import = 12
========================================================================
Received Import Request.
  Time since last request: 0.000043 seconds.
  path: Assets/LowPolyEnviroPack_LITE_builtIn/BeachArea_Set1/Prefabs/Fence_Bit_E.prefab
  artifactKey: Guid(e140b7d66a8ebea45ac1d94daa597614) Importer(815301076,1909f56bfc062723c751e8b465ee728b)
Number of updated assets reloaded before import = 0
Start importing Assets/LowPolyEnviroPack_LITE_builtIn/BeachArea_Set1/Prefabs/Fence_Bit_E.prefab using Guid(e140b7d66a8ebea45ac1d94daa597614) Importer(815301076,1909f56bfc062723c751e8b465ee728b)  -> (artifact id: '46a89a0235ecaaa835b02b6a2deec8b3') in 0.049534 seconds 
Number of asset objects unloaded after import = 12
========================================================================
Received Import Request.
  Time since last request: 0.000033 seconds.
  path: Assets/LowPolyEnviroPack_LITE_builtIn/BeachArea_Set1/Prefabs/Crate_A.prefab
  artifactKey: Guid(1aef4c0aaa73f7d4f9c0ef7e20fa1ce9) Importer(815301076,1909f56bfc062723c751e8b465ee728b)
Number of updated assets reloaded before import = 0
Start importing Assets/LowPolyEnviroPack_LITE_builtIn/BeachArea_Set1/Prefabs/Crate_A.prefab using Guid(1aef4c0aaa73f7d4f9c0ef7e20fa1ce9) Importer(815301076,1909f56bfc062723c751e8b465ee728b)  -> (artifact id: 'e7830a17ac887105dafaa56781463b8e') in 0.049434 seconds 
Number of asset objects unloaded after import = 12
========================================================================
Received Import Request.
  Time since last request: 0.000042 seconds.
  path: Assets/LowPolyEnviroPack_LITE_builtIn/BeachArea_Set1/Prefabs/Bush_Grassy_C.prefab
  artifactKey: Guid(f90332d96af8d7f40a4768c70cb14a04) Importer(815301076,1909f56bfc062723c751e8b465ee728b)
Number of updated assets reloaded before import = 0
Start importing Assets/LowPolyEnviroPack_LITE_builtIn/BeachArea_Set1/Prefabs/Bush_Grassy_C.prefab using Guid(f90332d96af8d7f40a4768c70cb14a04) Importer(815301076,1909f56bfc062723c751e8b465ee728b)  -> (artifact id: '58446722cb35e94351e091016d1b2a61') in 0.045105 seconds 
Number of asset objects unloaded after import = 11
========================================================================
Received Import Request.
  Time since last request: 0.000030 seconds.
  path: Assets/LowPolyEnviroPack_LITE_builtIn/BeachArea_Set1/Prefabs/Coin_Bronze.prefab
  artifactKey: Guid(888ce42ce2256c14ebd7f5af92b69a12) Importer(815301076,1909f56bfc062723c751e8b465ee728b)
Number of updated assets reloaded before import = 0
Start importing Assets/LowPolyEnviroPack_LITE_builtIn/BeachArea_Set1/Prefabs/Coin_Bronze.prefab using Guid(888ce42ce2256c14ebd7f5af92b69a12) Importer(815301076,1909f56bfc062723c751e8b465ee728b)  -> (artifact id: '7f3d3c00393e1e3cc172918bd4831bba') in 0.039272 seconds 
Number of asset objects unloaded after import = 12
========================================================================
Received Import Request.
  Time since last request: 0.000025 seconds.
  path: Assets/LowPolyEnviroPack_LITE_builtIn/BeachArea_Set1/Prefabs/Fence_Bit_C.prefab
  artifactKey: Guid(e2a44916c50d69246a056f51faabc50f) Importer(815301076,1909f56bfc062723c751e8b465ee728b)
Number of updated assets reloaded before import = 0
Start importing Assets/LowPolyEnviroPack_LITE_builtIn/BeachArea_Set1/Prefabs/Fence_Bit_C.prefab using Guid(e2a44916c50d69246a056f51faabc50f) Importer(815301076,1909f56bfc062723c751e8b465ee728b)  -> (artifact id: 'ce736486248be8c40e0f146204cae191') in 0.038328 seconds 
Number of asset objects unloaded after import = 12
========================================================================
Received Import Request.
  Time since last request: 0.000026 seconds.
  path: Assets/LowPolyEnviroPack_LITE_builtIn/BeachArea_Set1/Prefabs/Bush_Grassy_A.prefab
  artifactKey: Guid(349ae6d8a7e63294cbd8335c4df51ff8) Importer(815301076,1909f56bfc062723c751e8b465ee728b)
Number of updated assets reloaded before import = 0
Start importing Assets/LowPolyEnviroPack_LITE_builtIn/BeachArea_Set1/Prefabs/Bush_Grassy_A.prefab using Guid(349ae6d8a7e63294cbd8335c4df51ff8) Importer(815301076,1909f56bfc062723c751e8b465ee728b)  -> (artifact id: '672b5359e815456f88e38ab014af2cdb') in 0.040077 seconds 
Number of asset objects unloaded after import = 11
========================================================================
Received Import Request.
  Time since last request: 0.000031 seconds.
  path: Assets/LowPolyEnviroPack_LITE_builtIn/BeachArea_Set1/Prefabs/Coin_Tarnished.prefab
  artifactKey: Guid(05f57865ca4a9e04b865f39d26518e9e) Importer(815301076,1909f56bfc062723c751e8b465ee728b)
Number of updated assets reloaded before import = 0
Start importing Assets/LowPolyEnviroPack_LITE_builtIn/BeachArea_Set1/Prefabs/Coin_Tarnished.prefab using Guid(05f57865ca4a9e04b865f39d26518e9e) Importer(815301076,1909f56bfc062723c751e8b465ee728b)  -> (artifact id: '53e8e818f87c9dcb616d52218e405a0c') in 0.043616 seconds 
Number of asset objects unloaded after import = 12
========================================================================
Received Import Request.
  Time since last request: 0.000039 seconds.
  path: Assets/LowPolyEnviroPack_LITE_builtIn/BeachArea_Set1/Prefabs/Fence_Bit_B.prefab
  artifactKey: Guid(b03615302e0f5bc4d8910797b58900be) Importer(815301076,1909f56bfc062723c751e8b465ee728b)
Number of updated assets reloaded before import = 0
Start importing Assets/LowPolyEnviroPack_LITE_builtIn/BeachArea_Set1/Prefabs/Fence_Bit_B.prefab using Guid(b03615302e0f5bc4d8910797b58900be) Importer(815301076,1909f56bfc062723c751e8b465ee728b)  -> (artifact id: '12f7e0586949e56855410411fc66aee9') in 0.041211 seconds 
Number of asset objects unloaded after import = 12
========================================================================
Received Import Request.
  Time since last request: 0.000035 seconds.
  path: Assets/LowPolyEnviroPack_LITE_builtIn/BeachArea_Set1/Prefabs/Coconut.prefab
  artifactKey: Guid(a1a4d92e94bd0c644b1cb8f0c98c26a8) Importer(815301076,1909f56bfc062723c751e8b465ee728b)
Number of updated assets reloaded before import = 0
Start importing Assets/LowPolyEnviroPack_LITE_builtIn/BeachArea_Set1/Prefabs/Coconut.prefab using Guid(a1a4d92e94bd0c644b1cb8f0c98c26a8) Importer(815301076,1909f56bfc062723c751e8b465ee728b)  -> (artifact id: 'ea49ffab2eb590a9c6b303993783993b') in 0.160908 seconds 
Number of asset objects unloaded after import = 12
========================================================================
Received Import Request.
  Time since last request: 0.000028 seconds.
  path: Assets/LowPolyEnviroPack_LITE_builtIn/BeachArea_Set1/Prefabs/Coin_Silver.prefab
  artifactKey: Guid(bc132513b0378a641a53deccebc0d4ea) Importer(815301076,1909f56bfc062723c751e8b465ee728b)
Number of updated assets reloaded before import = 0
Start importing Assets/LowPolyEnviroPack_LITE_builtIn/BeachArea_Set1/Prefabs/Coin_Silver.prefab using Guid(bc132513b0378a641a53deccebc0d4ea) Importer(815301076,1909f56bfc062723c751e8b465ee728b)  -> (artifact id: 'c34c0a74c3617ffb46ac0517e210b240') in 0.088425 seconds 
Number of asset objects unloaded after import = 12
========================================================================
Received Import Request.
  Time since last request: 0.000042 seconds.
  path: Assets/LowPolyEnviroPack_LITE_builtIn/BeachArea_Set1/Prefabs/Cauldron 1.prefab
  artifactKey: Guid(12be1cfbe0b0f624ab9ff654f406729a) Importer(815301076,1909f56bfc062723c751e8b465ee728b)
Number of updated assets reloaded before import = 0
Start importing Assets/LowPolyEnviroPack_LITE_builtIn/BeachArea_Set1/Prefabs/Cauldron 1.prefab using Guid(12be1cfbe0b0f624ab9ff654f406729a) Importer(815301076,1909f56bfc062723c751e8b465ee728b)  -> (artifact id: '85e557038f0b1e62698ed7e1986264df') in 0.046992 seconds 
Number of asset objects unloaded after import = 12
========================================================================
Received Import Request.
  Time since last request: 0.000022 seconds.
  path: Assets/LowPolyEnviroPack_LITE_builtIn/BeachArea_Set1/Prefabs
  artifactKey: Guid(caff3686d27c8794b9fa316a813ed3d8) Importer(815301076,1909f56bfc062723c751e8b465ee728b)
Number of updated assets reloaded before import = 0
Start importing Assets/LowPolyEnviroPack_LITE_builtIn/BeachArea_Set1/Prefabs using Guid(caff3686d27c8794b9fa316a813ed3d8) Importer(815301076,1909f56bfc062723c751e8b465ee728b)  -> (artifact id: '629835aa50aa50055fc282543ceebda2') in 0.020373 seconds 
Number of asset objects unloaded after import = 0
========================================================================
Received Import Request.
  Time since last request: 0.000037 seconds.
  path: Assets/LowPolyEnviroPack_LITE_builtIn/BeachArea_Set1/Prefabs/Coin_Gold.prefab
  artifactKey: Guid(7579c8f21d0fcfe4b832b5d55ab7c417) Importer(815301076,1909f56bfc062723c751e8b465ee728b)
Number of updated assets reloaded before import = 0
Start importing Assets/LowPolyEnviroPack_LITE_builtIn/BeachArea_Set1/Prefabs/Coin_Gold.prefab using Guid(7579c8f21d0fcfe4b832b5d55ab7c417) Importer(815301076,1909f56bfc062723c751e8b465ee728b)  -> (artifact id: 'dd298421dab0be387a03372cc352646f') in 0.045593 seconds 
Number of asset objects unloaded after import = 12
========================================================================
Received Import Request.
  Time since last request: 0.000033 seconds.
  path: Assets/LowPolyEnviroPack_LITE_builtIn/BeachArea_Set1/Prefabs/Crate_Small_B.prefab
  artifactKey: Guid(6cf0bd0de718c8345adff2ddee08d62b) Importer(815301076,1909f56bfc062723c751e8b465ee728b)
Number of updated assets reloaded before import = 0
Start importing Assets/LowPolyEnviroPack_LITE_builtIn/BeachArea_Set1/Prefabs/Crate_Small_B.prefab using Guid(6cf0bd0de718c8345adff2ddee08d62b) Importer(815301076,1909f56bfc062723c751e8b465ee728b)  -> (artifact id: '168f49925d5ccfe0cd40be2d2e28666e') in 0.039725 seconds 
Number of asset objects unloaded after import = 12
========================================================================
Received Import Request.
  Time since last request: 0.000045 seconds.
  path: Assets/LowPolyEnviroPack_LITE_builtIn/BeachArea_Set1/Prefabs/Fence_Supports_A.prefab
  artifactKey: Guid(48b1f494456971846bacb04f7958545d) Importer(815301076,1909f56bfc062723c751e8b465ee728b)
Number of updated assets reloaded before import = 0
Start importing Assets/LowPolyEnviroPack_LITE_builtIn/BeachArea_Set1/Prefabs/Fence_Supports_A.prefab using Guid(48b1f494456971846bacb04f7958545d) Importer(815301076,1909f56bfc062723c751e8b465ee728b)  -> (artifact id: 'a0575f48fac47bbcca7b80ef40c3f33f') in 0.040944 seconds 
Number of asset objects unloaded after import = 12
========================================================================
Received Import Request.
  Time since last request: 5.828472 seconds.
  path: Assets/LowPolyEnviroPack_LITE_builtIn/BeachArea_Set1/Textures/Water_Normal.png
  artifactKey: Guid(d7c4163e4eac19444a7909003d075daf) Importer(815301076,1909f56bfc062723c751e8b465ee728b)
Number of updated assets reloaded before import = 0
Start importing Assets/LowPolyEnviroPack_LITE_builtIn/BeachArea_Set1/Textures/Water_Normal.png using Guid(d7c4163e4eac19444a7909003d075daf) Importer(815301076,1909f56bfc062723c751e8b465ee728b)  -> (artifact id: '109604143e767a94156c399563a96d58') in 0.066611 seconds 
Number of asset objects unloaded after import = 2
========================================================================
Received Import Request.
  Time since last request: 0.000048 seconds.
  path: Assets/LowPolyEnviroPack_LITE_builtIn/BeachArea_Set1/Textures
  artifactKey: Guid(eb19d8ea511346749af624e84caba18e) Importer(815301076,1909f56bfc062723c751e8b465ee728b)
Number of updated assets reloaded before import = 0
Start importing Assets/LowPolyEnviroPack_LITE_builtIn/BeachArea_Set1/Textures using Guid(eb19d8ea511346749af624e84caba18e) Importer(815301076,1909f56bfc062723c751e8b465ee728b)  -> (artifact id: 'e58e3ac2a8c4a9fcef6bc8dd34284a58') in 0.034450 seconds 
Number of asset objects unloaded after import = 0
Editor requested this worker to shutdown with reason: Scaling down because of idle timeout
AssetImportWorker is now disconnected from the server
Process exiting
Exiting without the bug reporter. Application will terminate with return code 0