Using pre-set license
Built from '2021.3/staging' branch; Version is '2021.3.36f1 (7a0645017be0) revision 7996997'; Using compiler version '192829333'; Build Type 'Release'
OS: 'Windows 11  (10.0.22631) 64bit CoreSingleLanguage' Language: 'en' Physical Memory: 16084 MB
BatchMode: 1, IsHumanControllingUs: 0, StartBugReporterOnCrash: 0, Is64bit: 1, IsPro: 1

COMMAND LINE ARGUMENTS:
C:\Program Files\Unity\Hub\Editor\2021.3.36f1\Editor\Unity.exe
-adb2
-batchMode
-noUpm
-name
AssetImportWorker10
-projectPath
C:/Users/miche/Downloads/Game Engineering/Progress UAS Game Eng
-logFile
Logs/AssetImportWorker10.log
-srvPort
52335
Successfully changed project path to: C:/Users/miche/Downloads/Game Engineering/Progress UAS Game Eng
C:/Users/miche/Downloads/Game Engineering/Progress UAS Game Eng
[UnityMemory] Configuration Parameters - Can be set up in boot.config
    "memorysetup-bucket-allocator-granularity=16"
    "memorysetup-bucket-allocator-bucket-count=8"
    "memorysetup-bucket-allocator-block-size=33554432"
    "memorysetup-bucket-allocator-block-count=8"
    "memorysetup-main-allocator-block-size=16777216"
    "memorysetup-thread-allocator-block-size=16777216"
    "memorysetup-gfx-main-allocator-block-size=16777216"
    "memorysetup-gfx-thread-allocator-block-size=16777216"
    "memorysetup-cache-allocator-block-size=4194304"
    "memorysetup-typetree-allocator-block-size=2097152"
    "memorysetup-profiler-bucket-allocator-granularity=16"
    "memorysetup-profiler-bucket-allocator-bucket-count=8"
    "memorysetup-profiler-bucket-allocator-block-size=33554432"
    "memorysetup-profiler-bucket-allocator-block-count=8"
    "memorysetup-profiler-allocator-block-size=16777216"
    "memorysetup-profiler-editor-allocator-block-size=1048576"
    "memorysetup-temp-allocator-size-main=16777216"
    "memorysetup-job-temp-allocator-block-size=2097152"
    "memorysetup-job-temp-allocator-block-size-background=1048576"
    "memorysetup-job-temp-allocator-reduction-small-platforms=262144"
    "memorysetup-temp-allocator-size-background-worker=32768"
    "memorysetup-temp-allocator-size-job-worker=262144"
    "memorysetup-temp-allocator-size-preload-manager=33554432"
    "memorysetup-temp-allocator-size-nav-mesh-worker=65536"
    "memorysetup-temp-allocator-size-audio-worker=65536"
    "memorysetup-temp-allocator-size-cloud-worker=32768"
    "memorysetup-temp-allocator-size-gi-baking-worker=262144"
    "memorysetup-temp-allocator-size-gfx=262144"
Player connection [12156] Host "[IP] 192.168.56.1 [Port] 0 [Flags] 2 [Guid] 2400543223 [EditorId] 2400543223 [Version] 1048832 [Id] WindowsEditor(7,MSI) [Debug] 1 [PackageName] WindowsEditor [ProjectName] Editor" joined multi-casting on [225.0.0.222:54997]...

Player connection [12156] Host "[IP] 192.168.56.1 [Port] 0 [Flags] 2 [Guid] 2400543223 [EditorId] 2400543223 [Version] 1048832 [Id] WindowsEditor(7,MSI) [Debug] 1 [PackageName] WindowsEditor [ProjectName] Editor" joined alternative multi-casting on [225.0.0.222:34997]...

[Physics::Module] Initialized MultithreadedJobDispatcher with {0} workers.
Refreshing native plugins compatible for Editor in 250.39 ms, found 3 plugins.
Preloading 0 native plugins for Editor in 0.00 ms.
Initialize engine version: 2021.3.36f1 (7a0645017be0)
[Subsystems] Discovering subsystems at path C:/Program Files/Unity/Hub/Editor/2021.3.36f1/Editor/Data/Resources/UnitySubsystems
[Subsystems] Discovering subsystems at path C:/Users/miche/Downloads/Game Engineering/Progress UAS Game Eng/Assets
GfxDevice: creating device client; threaded=0; jobified=0
Direct3D:
    Version:  Direct3D 11.0 [level 11.1]
    Renderer: Intel(R) Iris(R) Xe Graphics (ID=0x46a6)
    Vendor:   Intel
    VRAM:     8042 MB
    Driver:   30.0.101.2079
Initialize mono
Mono path[0] = 'C:/Program Files/Unity/Hub/Editor/2021.3.36f1/Editor/Data/Managed'
Mono path[1] = 'C:/Program Files/Unity/Hub/Editor/2021.3.36f1/Editor/Data/MonoBleedingEdge/lib/mono/unityjit-win32'
Mono config path = 'C:/Program Files/Unity/Hub/Editor/2021.3.36f1/Editor/Data/MonoBleedingEdge/etc'
Using monoOptions --debugger-agent=transport=dt_socket,embedding=1,server=y,suspend=n,address=127.0.0.1:56932
Begin MonoManager ReloadAssembly
Registering precompiled unity dll's ...
Register platform support module: C:/Program Files/Unity/Hub/Editor/2021.3.36f1/Editor/Data/PlaybackEngines/WebGLSupport/UnityEditor.WebGL.Extensions.dll
Register platform support module: C:/Program Files/Unity/Hub/Editor/2021.3.36f1/Editor/Data/PlaybackEngines/WindowsStandaloneSupport/UnityEditor.WindowsStandalone.Extensions.dll
Registered in 0.009670 seconds.
Native extension for WindowsStandalone target not found
Native extension for WebGL target not found
Refreshing native plugins compatible for Editor in 101.51 ms, found 3 plugins.
Preloading 0 native plugins for Editor in 0.00 ms.
Mono: successfully reloaded assembly
- Completed reload, in  0.773 seconds
Domain Reload Profiling:
	ReloadAssembly (773ms)
		BeginReloadAssembly (158ms)
			ExecutionOrderSort (0ms)
			DisableScriptedObjects (0ms)
			BackupInstance (0ms)
			ReleaseScriptingObjects (0ms)
			CreateAndSetChildDomain (1ms)
		EndReloadAssembly (504ms)
			LoadAssemblies (153ms)
			RebuildTransferFunctionScriptingTraits (1ms)
			SetupTypeCache (98ms)
			ReleaseScriptCaches (0ms)
			RebuildScriptCaches (33ms)
			SetupLoadedEditorAssemblies (327ms)
				LogAssemblyErrors (0ms)
				InitializePlatformSupportModulesInManaged (10ms)
				SetLoadedEditorAssemblies (0ms)
				RefreshPlugins (102ms)
				BeforeProcessingInitializeOnLoad (2ms)
				ProcessInitializeOnLoadAttributes (160ms)
				ProcessInitializeOnLoadMethodAttributes (54ms)
				AfterProcessingInitializeOnLoad (0ms)
				EditorAssembliesLoaded (0ms)
			ExecutionOrderSort2 (0ms)
			AwakeInstancesAfterBackupRestoration (0ms)
Platform modules already initialized, skipping
Registering precompiled user dll's ...
Registered in 0.036154 seconds.
Begin MonoManager ReloadAssembly
Native extension for WindowsStandalone target not found
Native extension for WebGL target not found
Refreshing native plugins compatible for Editor in 117.13 ms, found 3 plugins.
Preloading 0 native plugins for Editor in 0.00 ms.
Package Manager log level set to [2]
[Package Manager] Server::EnsureServerProcessIsRunning -- launch failed, reason: Unity was launched with the -noUpm command-line argument
[Package Manager] Cannot connect to Unity Package Manager local server
Mono: successfully reloaded assembly
- Completed reload, in  2.383 seconds
Domain Reload Profiling:
	ReloadAssembly (2384ms)
		BeginReloadAssembly (152ms)
			ExecutionOrderSort (0ms)
			DisableScriptedObjects (5ms)
			BackupInstance (0ms)
			ReleaseScriptingObjects (0ms)
			CreateAndSetChildDomain (19ms)
		EndReloadAssembly (1992ms)
			LoadAssemblies (219ms)
			RebuildTransferFunctionScriptingTraits (0ms)
			SetupTypeCache (326ms)
			ReleaseScriptCaches (1ms)
			RebuildScriptCaches (66ms)
			SetupLoadedEditorAssemblies (1304ms)
				LogAssemblyErrors (0ms)
				InitializePlatformSupportModulesInManaged (7ms)
				SetLoadedEditorAssemblies (0ms)
				RefreshPlugins (117ms)
				BeforeProcessingInitializeOnLoad (107ms)
				ProcessInitializeOnLoadAttributes (992ms)
				ProcessInitializeOnLoadMethodAttributes (65ms)
				AfterProcessingInitializeOnLoad (15ms)
				EditorAssembliesLoaded (0ms)
			ExecutionOrderSort2 (0ms)
			AwakeInstancesAfterBackupRestoration (8ms)
Platform modules already initialized, skipping
========================================================================
Worker process is ready to serve import requests
Launched and connected shader compiler UnityShaderCompiler.exe after 0.08 seconds
Refreshing native plugins compatible for Editor in 0.82 ms, found 3 plugins.
Preloading 0 native plugins for Editor in 0.00 ms.
Unloading 5627 Unused Serialized files (Serialized files now loaded: 0)
Unloading 60 unused Assets / (2.1 MB). Loaded Objects now: 6074.
Memory consumption went from 250.3 MB to 248.2 MB.
Total: 5.355600 ms (FindLiveObjects: 0.332100 ms CreateObjectMapping: 0.213300 ms MarkObjects: 4.401900 ms  DeleteObjects: 0.406900 ms)

AssetImportParameters requested are different than current active one (requested -> active):
  custom:video-decoder-ogg-theora: a1e56fd34408186e4bbccfd4996cb3dc -> 
  custom:container-muxer-webm: aa71ff27fc2769a1b78a27578f13a17b -> 
  custom:container-demuxer-webm: 4f35f7cbe854078d1ac9338744f61a02 -> 
  custom:video-encoder-webm-vp8: eb34c28f22e8b96e1ab97ce403110664 -> 
  custom:CustomObjectIndexerAttribute: f67f22312cbe972f2da930a377ed3d15 -> 
  custom:audio-encoder-webm-vorbis: bf7c407c2cedff20999df2af8eb42d56 -> 
  custom:framework-win-MediaFoundation: 216162199b28c13a410421893ffa2e32 -> 
  custom:SearchIndexIgnoredProperties: e643bd26f0fe6173181afceb89e7c659 -> 
  custom:container-demuxer-ogg: 62fdf1f143b41e24485cea50d1cbac27 -> 
  custom:video-decoder-webm-vp8: 9c59270c3fd7afecdb556c50c9e8de78 -> 
  custom:audio-decoder-ogg-vorbis: bf7c407c2cedff20999df2af8eb42d56 -> 
========================================================================
Received Import Request.
  Time since last request: 859145.279335 seconds.
  path: Assets/boulder.fbm/rock_boulder_dry_rough_1k.jpg
  artifactKey: Guid(2c190a25e83f86e408bf439e81b0e9bb) Importer(815301076,1909f56bfc062723c751e8b465ee728b)
Number of updated assets reloaded before import = 0
Start importing Assets/boulder.fbm/rock_boulder_dry_rough_1k.jpg using Guid(2c190a25e83f86e408bf439e81b0e9bb) Importer(815301076,1909f56bfc062723c751e8b465ee728b)  -> (artifact id: '0d3be2780d97ca7c39875702549a8ce4') in 0.103238 seconds 
Number of asset objects unloaded after import = 2
========================================================================
Received Import Request.
  Time since last request: 335.234312 seconds.
  path: Assets/Rowlan/Terrain/Stamps/Examples/Heightmaps/Alien World - Voronian 03.png
  artifactKey: Guid(86c55d25ff19f134bbbc6e97caa26677) Importer(815301076,1909f56bfc062723c751e8b465ee728b)
Number of updated assets reloaded before import = 0
Start importing Assets/Rowlan/Terrain/Stamps/Examples/Heightmaps/Alien World - Voronian 03.png using Guid(86c55d25ff19f134bbbc6e97caa26677) Importer(815301076,1909f56bfc062723c751e8b465ee728b)  -> (artifact id: '7c1de38928f3368f379aecd44821e9c4') in 0.182229 seconds 
Number of asset objects unloaded after import = 2
========================================================================
Received Import Request.
  Time since last request: 0.000063 seconds.
  path: Assets/Rowlan/Terrain/Stamps/Examples/Heightmaps/Pride Rocks 02.png
  artifactKey: Guid(a7bc33ce29cca8d43b6ece5db549cf32) Importer(815301076,1909f56bfc062723c751e8b465ee728b)
Number of updated assets reloaded before import = 0
Start importing Assets/Rowlan/Terrain/Stamps/Examples/Heightmaps/Pride Rocks 02.png using Guid(a7bc33ce29cca8d43b6ece5db549cf32) Importer(815301076,1909f56bfc062723c751e8b465ee728b)  -> (artifact id: 'dd60edef5c00ccc4aefef4c5732446cd') in 0.102114 seconds 
Number of asset objects unloaded after import = 2
========================================================================
Received Import Request.
  Time since last request: 0.000038 seconds.
  path: Assets/Rowlan/Terrain/Stamps/Examples/Heightmaps/Canyon 18.png
  artifactKey: Guid(83d30fd551f55d5499d0a6f363ceed79) Importer(815301076,1909f56bfc062723c751e8b465ee728b)
Number of updated assets reloaded before import = 0
Start importing Assets/Rowlan/Terrain/Stamps/Examples/Heightmaps/Canyon 18.png using Guid(83d30fd551f55d5499d0a6f363ceed79) Importer(815301076,1909f56bfc062723c751e8b465ee728b)  -> (artifact id: 'b78f8baed1db9e8d0faa64509e793b83') in 0.099693 seconds 
Number of asset objects unloaded after import = 2
========================================================================
Received Import Request.
  Time since last request: 0.000040 seconds.
  path: Assets/Rowlan/Terrain/Stamps/Examples/Heightmaps/Rocky Desert 12.png
  artifactKey: Guid(64cfc30795f81614b8a452fbfdf40a49) Importer(815301076,1909f56bfc062723c751e8b465ee728b)
Number of updated assets reloaded before import = 0
Start importing Assets/Rowlan/Terrain/Stamps/Examples/Heightmaps/Rocky Desert 12.png using Guid(64cfc30795f81614b8a452fbfdf40a49) Importer(815301076,1909f56bfc062723c751e8b465ee728b)  -> (artifact id: 'e0008b61ab045a192f3815d96c74e5c7') in 0.107378 seconds 
Number of asset objects unloaded after import = 2
========================================================================
Received Import Request.
  Time since last request: 0.000047 seconds.
  path: Assets/Rowlan/Terrain/Stamps/Examples/Heightmaps/Dunes 11.png
  artifactKey: Guid(f1a7a943f31cdb742aa8615d575c89ae) Importer(815301076,1909f56bfc062723c751e8b465ee728b)
Number of updated assets reloaded before import = 0
Start importing Assets/Rowlan/Terrain/Stamps/Examples/Heightmaps/Dunes 11.png using Guid(f1a7a943f31cdb742aa8615d575c89ae) Importer(815301076,1909f56bfc062723c751e8b465ee728b)  -> (artifact id: '3537a88ad78fdb8a1a6e30e37da006c5') in 0.047703 seconds 
Number of asset objects unloaded after import = 2
========================================================================
Received Import Request.
  Time since last request: 0.000042 seconds.
  path: Assets/Rowlan/Terrain/Stamps/Examples/Heightmaps/Rolling Hills 06.png
  artifactKey: Guid(e635b76a4b95396448821127a52f6462) Importer(815301076,1909f56bfc062723c751e8b465ee728b)
Number of updated assets reloaded before import = 0
Start importing Assets/Rowlan/Terrain/Stamps/Examples/Heightmaps/Rolling Hills 06.png using Guid(e635b76a4b95396448821127a52f6462) Importer(815301076,1909f56bfc062723c751e8b465ee728b)  -> (artifact id: '1e299184bf23fe9e6442a92daa824267') in 0.079844 seconds 
Number of asset objects unloaded after import = 2
========================================================================
Received Import Request.
  Time since last request: 0.000043 seconds.
  path: Assets/Rowlan/Terrain/Stamps/Examples/Heightmaps/Pride Rocks 01.png
  artifactKey: Guid(4977e702da691954a9d1f4169a08847e) Importer(815301076,1909f56bfc062723c751e8b465ee728b)
Number of updated assets reloaded before import = 0
Start importing Assets/Rowlan/Terrain/Stamps/Examples/Heightmaps/Pride Rocks 01.png using Guid(4977e702da691954a9d1f4169a08847e) Importer(815301076,1909f56bfc062723c751e8b465ee728b)  -> (artifact id: '1ae28f651d0df46631dca0d28040affe') in 0.095760 seconds 
Number of asset objects unloaded after import = 2
========================================================================
Received Import Request.
  Time since last request: 0.000048 seconds.
  path: Assets/Rowlan/Terrain/Stamps/Examples/Heightmaps/Meadows 28.png
  artifactKey: Guid(327a5f5b464cffd49832f20ab8f18e7e) Importer(815301076,1909f56bfc062723c751e8b465ee728b)
Number of updated assets reloaded before import = 0
Start importing Assets/Rowlan/Terrain/Stamps/Examples/Heightmaps/Meadows 28.png using Guid(327a5f5b464cffd49832f20ab8f18e7e) Importer(815301076,1909f56bfc062723c751e8b465ee728b)  -> (artifact id: 'bc5722fd65a4ae919ec749dd7a3b2c36') in 0.086512 seconds 
Number of asset objects unloaded after import = 2
========================================================================
Received Import Request.
  Time since last request: 0.000072 seconds.
  path: Assets/Rowlan/Terrain/Stamps/Examples/Heightmaps/Dunes 04.png
  artifactKey: Guid(06c49888074ce724cbd3e41d516160dd) Importer(815301076,1909f56bfc062723c751e8b465ee728b)
Number of updated assets reloaded before import = 0
Start importing Assets/Rowlan/Terrain/Stamps/Examples/Heightmaps/Dunes 04.png using Guid(06c49888074ce724cbd3e41d516160dd) Importer(815301076,1909f56bfc062723c751e8b465ee728b)  -> (artifact id: '83501751752a88dc32537543295fec29') in 0.088255 seconds 
Number of asset objects unloaded after import = 2
========================================================================
Received Import Request.
  Time since last request: 0.000026 seconds.
  path: Assets/Rowlan/Terrain/Stamps/Examples/Heightmaps/Monument Desert 02.png
  artifactKey: Guid(6d1d4846c767da245b2e3c5516d16817) Importer(815301076,1909f56bfc062723c751e8b465ee728b)
Number of updated assets reloaded before import = 0
Start importing Assets/Rowlan/Terrain/Stamps/Examples/Heightmaps/Monument Desert 02.png using Guid(6d1d4846c767da245b2e3c5516d16817) Importer(815301076,1909f56bfc062723c751e8b465ee728b)  -> (artifact id: '40353597800c7d177238a4624711d3e4') in 0.122118 seconds 
Number of asset objects unloaded after import = 2
========================================================================
Received Import Request.
  Time since last request: 0.000039 seconds.
  path: Assets/Rowlan/Terrain/Stamps/Examples/Heightmaps/Highlands 02.png
  artifactKey: Guid(5a11f720fa2c86b43b8d83d24d81232b) Importer(815301076,1909f56bfc062723c751e8b465ee728b)
Number of updated assets reloaded before import = 0
Start importing Assets/Rowlan/Terrain/Stamps/Examples/Heightmaps/Highlands 02.png using Guid(5a11f720fa2c86b43b8d83d24d81232b) Importer(815301076,1909f56bfc062723c751e8b465ee728b)  -> (artifact id: 'b5e18453ef20de609ce87224738adac3') in 0.084334 seconds 
Number of asset objects unloaded after import = 2
========================================================================
Received Import Request.
  Time since last request: 0.000052 seconds.
  path: Assets/Rowlan/Terrain/Stamps/Examples/Heightmaps/Meadows 12.png
  artifactKey: Guid(978e831b618cd4045bddaeb7534621b0) Importer(815301076,1909f56bfc062723c751e8b465ee728b)
Number of updated assets reloaded before import = 0
Start importing Assets/Rowlan/Terrain/Stamps/Examples/Heightmaps/Meadows 12.png using Guid(978e831b618cd4045bddaeb7534621b0) Importer(815301076,1909f56bfc062723c751e8b465ee728b)  -> (artifact id: '30ba9824a05141b6f9fa92c724f302dd') in 0.093398 seconds 
Number of asset objects unloaded after import = 2
========================================================================
Received Import Request.
  Time since last request: 0.000026 seconds.
  path: Assets/Rowlan/Terrain/Stamps/Examples/Heightmaps/Canyon Shapes 03.png
  artifactKey: Guid(270d68bc485a7df4ca25a44b7678bf6c) Importer(815301076,1909f56bfc062723c751e8b465ee728b)
Number of updated assets reloaded before import = 0
Start importing Assets/Rowlan/Terrain/Stamps/Examples/Heightmaps/Canyon Shapes 03.png using Guid(270d68bc485a7df4ca25a44b7678bf6c) Importer(815301076,1909f56bfc062723c751e8b465ee728b)  -> (artifact id: '79d56b5b831e48e2623f918eabf98a31') in 0.095772 seconds 
Number of asset objects unloaded after import = 2
========================================================================
Received Import Request.
  Time since last request: 0.000073 seconds.
  path: Assets/Rowlan/Terrain/Stamps/Examples/Heightmaps/Islands 07.png
  artifactKey: Guid(45acdefb4290ecd4997fc7a68022d4ce) Importer(815301076,1909f56bfc062723c751e8b465ee728b)
Number of updated assets reloaded before import = 0
Start importing Assets/Rowlan/Terrain/Stamps/Examples/Heightmaps/Islands 07.png using Guid(45acdefb4290ecd4997fc7a68022d4ce) Importer(815301076,1909f56bfc062723c751e8b465ee728b)  -> (artifact id: 'a202570a54826720b69d6bb61ec568ca') in 0.079307 seconds 
Number of asset objects unloaded after import = 2
========================================================================
Received Import Request.
  Time since last request: 0.000092 seconds.
  path: Assets/Rowlan/Terrain/Stamps/Examples/Heightmaps/Highlands 09.png
  artifactKey: Guid(e8f619720ba1b394685086c859d52448) Importer(815301076,1909f56bfc062723c751e8b465ee728b)
Number of updated assets reloaded before import = 0
Start importing Assets/Rowlan/Terrain/Stamps/Examples/Heightmaps/Highlands 09.png using Guid(e8f619720ba1b394685086c859d52448) Importer(815301076,1909f56bfc062723c751e8b465ee728b)  -> (artifact id: 'c65acb4c5e0ad538566c9a70595377c7') in 0.096505 seconds 
Number of asset objects unloaded after import = 2
========================================================================
Received Import Request.
  Time since last request: 0.000027 seconds.
  path: Assets/Rowlan/Terrain/Stamps/Examples/Heightmaps/Pride Rocks 11.png
  artifactKey: Guid(9b925a5928fb7424aa019d0859fa1130) Importer(815301076,1909f56bfc062723c751e8b465ee728b)
Number of updated assets reloaded before import = 0
Start importing Assets/Rowlan/Terrain/Stamps/Examples/Heightmaps/Pride Rocks 11.png using Guid(9b925a5928fb7424aa019d0859fa1130) Importer(815301076,1909f56bfc062723c751e8b465ee728b)  -> (artifact id: '8471b7ef2a78431933c46ac1866f59aa') in 0.101582 seconds 
Number of asset objects unloaded after import = 2
========================================================================
Received Import Request.
  Time since last request: 0.000033 seconds.
  path: Assets/Rowlan/Terrain/Stamps/Examples/Heightmaps/Islands 23.png
  artifactKey: Guid(c565ae35649b9194a9ac0d1da02f775d) Importer(815301076,1909f56bfc062723c751e8b465ee728b)
Number of updated assets reloaded before import = 0
Start importing Assets/Rowlan/Terrain/Stamps/Examples/Heightmaps/Islands 23.png using Guid(c565ae35649b9194a9ac0d1da02f775d) Importer(815301076,1909f56bfc062723c751e8b465ee728b)  -> (artifact id: '3c2161187c9868ecc86a51de5adfa166') in 0.087627 seconds 
Number of asset objects unloaded after import = 2
========================================================================
Received Import Request.
  Time since last request: 0.000046 seconds.
  path: Assets/Rowlan/Terrain/Stamps/Examples/Heightmaps/Dune Shapes 10.png
  artifactKey: Guid(a3afa63434f04ca4ca655a4261109cc8) Importer(815301076,1909f56bfc062723c751e8b465ee728b)
Number of updated assets reloaded before import = 0
Start importing Assets/Rowlan/Terrain/Stamps/Examples/Heightmaps/Dune Shapes 10.png using Guid(a3afa63434f04ca4ca655a4261109cc8) Importer(815301076,1909f56bfc062723c751e8b465ee728b)  -> (artifact id: 'f3d53ba832ae92ba2112d32cdf5d33c9') in 0.099043 seconds 
Number of asset objects unloaded after import = 2
========================================================================
Received Import Request.
  Time since last request: 0.000046 seconds.
  path: Assets/Rowlan/Terrain/Stamps/Examples/Heightmaps/Plateau Lanes 03.png
  artifactKey: Guid(c8b5996ea1881b0479c75bbc6af5ba06) Importer(815301076,1909f56bfc062723c751e8b465ee728b)
Number of updated assets reloaded before import = 0
Start importing Assets/Rowlan/Terrain/Stamps/Examples/Heightmaps/Plateau Lanes 03.png using Guid(c8b5996ea1881b0479c75bbc6af5ba06) Importer(815301076,1909f56bfc062723c751e8b465ee728b)  -> (artifact id: '756e4dd4340aa351c56e4a1bf8f54692') in 0.078338 seconds 
Number of asset objects unloaded after import = 2
========================================================================
Received Import Request.
  Time since last request: 8.319945 seconds.
  path: Assets/Rowlan/Terrain/Stamps/Examples/Heightmaps/Rugged Shapes 12.png
  artifactKey: Guid(a8ef5130c92ad5441be988178f1c3093) Importer(815301076,1909f56bfc062723c751e8b465ee728b)
Number of updated assets reloaded before import = 0
Start importing Assets/Rowlan/Terrain/Stamps/Examples/Heightmaps/Rugged Shapes 12.png using Guid(a8ef5130c92ad5441be988178f1c3093) Importer(815301076,1909f56bfc062723c751e8b465ee728b)  -> (artifact id: 'b3c40d94603e8306b7707dda370e959f') in 0.291466 seconds 
Number of asset objects unloaded after import = 2
========================================================================
Received Import Request.
  Time since last request: 0.000057 seconds.
  path: Assets/Rowlan/Terrain/Stamps/Examples/Heightmaps/Stranger Lands 24.png
  artifactKey: Guid(3486f74c56c976c458c0a281bc849828) Importer(815301076,1909f56bfc062723c751e8b465ee728b)
Number of updated assets reloaded before import = 0
Start importing Assets/Rowlan/Terrain/Stamps/Examples/Heightmaps/Stranger Lands 24.png using Guid(3486f74c56c976c458c0a281bc849828) Importer(815301076,1909f56bfc062723c751e8b465ee728b)  -> (artifact id: '47a81b4bf35df4a08fd1c197f5fb7d4c') in 0.265949 seconds 
Number of asset objects unloaded after import = 2
========================================================================
Received Import Request.
  Time since last request: 0.056022 seconds.
  path: Assets/Rowlan/Terrain/Stamps/Examples/Heightmaps/Tundra 01.png
  artifactKey: Guid(36ad01d3bb0a85649bf8710e3f57cf39) Importer(815301076,1909f56bfc062723c751e8b465ee728b)
Number of updated assets reloaded before import = 0
Start importing Assets/Rowlan/Terrain/Stamps/Examples/Heightmaps/Tundra 01.png using Guid(36ad01d3bb0a85649bf8710e3f57cf39) Importer(815301076,1909f56bfc062723c751e8b465ee728b)  -> (artifact id: '037807ed6298aba05e12f9b1988a9115') in 0.167548 seconds 
Number of asset objects unloaded after import = 2
Editor requested this worker to shutdown with reason: Scaling down because of idle timeout
AssetImportWorker is now disconnected from the server
Process exiting
Exiting without the bug reporter. Application will terminate with return code 0