Using pre-set license
Built from '2021.3/staging' branch; Version is '2021.3.36f1 (7a0645017be0) revision 7996997'; Using compiler version '192829333'; Build Type 'Release'
OS: 'Windows 11  (10.0.22631) 64bit CoreSingleLanguage' Language: 'en' Physical Memory: 16084 MB
BatchMode: 1, IsHumanControllingUs: 0, StartBugReporterOnCrash: 0, Is64bit: 1, IsPro: 1

COMMAND LINE ARGUMENTS:
C:\Program Files\Unity\Hub\Editor\2021.3.36f1\Editor\Unity.exe
-adb2
-batchMode
-noUpm
-name
AssetImportWorker12
-projectPath
C:/Users/miche/Downloads/Game Engineering/Progress UAS Game Eng
-logFile
Logs/AssetImportWorker12.log
-srvPort
52335
Successfully changed project path to: C:/Users/miche/Downloads/Game Engineering/Progress UAS Game Eng
C:/Users/miche/Downloads/Game Engineering/Progress UAS Game Eng
[UnityMemory] Configuration Parameters - Can be set up in boot.config
    "memorysetup-bucket-allocator-granularity=16"
    "memorysetup-bucket-allocator-bucket-count=8"
    "memorysetup-bucket-allocator-block-size=33554432"
    "memorysetup-bucket-allocator-block-count=8"
    "memorysetup-main-allocator-block-size=16777216"
    "memorysetup-thread-allocator-block-size=16777216"
    "memorysetup-gfx-main-allocator-block-size=16777216"
    "memorysetup-gfx-thread-allocator-block-size=16777216"
    "memorysetup-cache-allocator-block-size=4194304"
    "memorysetup-typetree-allocator-block-size=2097152"
    "memorysetup-profiler-bucket-allocator-granularity=16"
    "memorysetup-profiler-bucket-allocator-bucket-count=8"
    "memorysetup-profiler-bucket-allocator-block-size=33554432"
    "memorysetup-profiler-bucket-allocator-block-count=8"
    "memorysetup-profiler-allocator-block-size=16777216"
    "memorysetup-profiler-editor-allocator-block-size=1048576"
    "memorysetup-temp-allocator-size-main=16777216"
    "memorysetup-job-temp-allocator-block-size=2097152"
    "memorysetup-job-temp-allocator-block-size-background=1048576"
    "memorysetup-job-temp-allocator-reduction-small-platforms=262144"
    "memorysetup-temp-allocator-size-background-worker=32768"
    "memorysetup-temp-allocator-size-job-worker=262144"
    "memorysetup-temp-allocator-size-preload-manager=33554432"
    "memorysetup-temp-allocator-size-nav-mesh-worker=65536"
    "memorysetup-temp-allocator-size-audio-worker=65536"
    "memorysetup-temp-allocator-size-cloud-worker=32768"
    "memorysetup-temp-allocator-size-gi-baking-worker=262144"
    "memorysetup-temp-allocator-size-gfx=262144"
Player connection [8400] Host "[IP] 192.168.56.1 [Port] 0 [Flags] 2 [Guid] 1438501288 [EditorId] 1438501288 [Version] 1048832 [Id] WindowsEditor(7,MSI) [Debug] 1 [PackageName] WindowsEditor [ProjectName] Editor" joined multi-casting on [225.0.0.222:54997]...

Player connection [8400] Host "[IP] 192.168.56.1 [Port] 0 [Flags] 2 [Guid] 1438501288 [EditorId] 1438501288 [Version] 1048832 [Id] WindowsEditor(7,MSI) [Debug] 1 [PackageName] WindowsEditor [ProjectName] Editor" joined alternative multi-casting on [225.0.0.222:34997]...

[Physics::Module] Initialized MultithreadedJobDispatcher with {0} workers.
Refreshing native plugins compatible for Editor in 250.55 ms, found 3 plugins.
Preloading 0 native plugins for Editor in 0.00 ms.
Initialize engine version: 2021.3.36f1 (7a0645017be0)
[Subsystems] Discovering subsystems at path C:/Program Files/Unity/Hub/Editor/2021.3.36f1/Editor/Data/Resources/UnitySubsystems
[Subsystems] Discovering subsystems at path C:/Users/miche/Downloads/Game Engineering/Progress UAS Game Eng/Assets
GfxDevice: creating device client; threaded=0; jobified=0
Direct3D:
    Version:  Direct3D 11.0 [level 11.1]
    Renderer: Intel(R) Iris(R) Xe Graphics (ID=0x46a6)
    Vendor:   Intel
    VRAM:     8042 MB
    Driver:   30.0.101.2079
Initialize mono
Mono path[0] = 'C:/Program Files/Unity/Hub/Editor/2021.3.36f1/Editor/Data/Managed'
Mono path[1] = 'C:/Program Files/Unity/Hub/Editor/2021.3.36f1/Editor/Data/MonoBleedingEdge/lib/mono/unityjit-win32'
Mono config path = 'C:/Program Files/Unity/Hub/Editor/2021.3.36f1/Editor/Data/MonoBleedingEdge/etc'
Using monoOptions --debugger-agent=transport=dt_socket,embedding=1,server=y,suspend=n,address=127.0.0.1:56488
Begin MonoManager ReloadAssembly
Registering precompiled unity dll's ...
Register platform support module: C:/Program Files/Unity/Hub/Editor/2021.3.36f1/Editor/Data/PlaybackEngines/WebGLSupport/UnityEditor.WebGL.Extensions.dll
Register platform support module: C:/Program Files/Unity/Hub/Editor/2021.3.36f1/Editor/Data/PlaybackEngines/WindowsStandaloneSupport/UnityEditor.WindowsStandalone.Extensions.dll
Registered in 0.010557 seconds.
Native extension for WindowsStandalone target not found
Native extension for WebGL target not found
Refreshing native plugins compatible for Editor in 100.10 ms, found 3 plugins.
Preloading 0 native plugins for Editor in 0.00 ms.
Mono: successfully reloaded assembly
- Completed reload, in  0.773 seconds
Domain Reload Profiling:
	ReloadAssembly (773ms)
		BeginReloadAssembly (158ms)
			ExecutionOrderSort (0ms)
			DisableScriptedObjects (0ms)
			BackupInstance (0ms)
			ReleaseScriptingObjects (0ms)
			CreateAndSetChildDomain (2ms)
		EndReloadAssembly (504ms)
			LoadAssemblies (153ms)
			RebuildTransferFunctionScriptingTraits (1ms)
			SetupTypeCache (97ms)
			ReleaseScriptCaches (0ms)
			RebuildScriptCaches (35ms)
			SetupLoadedEditorAssemblies (326ms)
				LogAssemblyErrors (0ms)
				InitializePlatformSupportModulesInManaged (10ms)
				SetLoadedEditorAssemblies (0ms)
				RefreshPlugins (100ms)
				BeforeProcessingInitializeOnLoad (1ms)
				ProcessInitializeOnLoadAttributes (159ms)
				ProcessInitializeOnLoadMethodAttributes (56ms)
				AfterProcessingInitializeOnLoad (0ms)
				EditorAssembliesLoaded (0ms)
			ExecutionOrderSort2 (0ms)
			AwakeInstancesAfterBackupRestoration (0ms)
Platform modules already initialized, skipping
Registering precompiled user dll's ...
Registered in 0.035859 seconds.
Begin MonoManager ReloadAssembly
Native extension for WindowsStandalone target not found
Native extension for WebGL target not found
Refreshing native plugins compatible for Editor in 117.99 ms, found 3 plugins.
Preloading 0 native plugins for Editor in 0.00 ms.
Package Manager log level set to [2]
[Package Manager] Server::EnsureServerProcessIsRunning -- launch failed, reason: Unity was launched with the -noUpm command-line argument
[Package Manager] Cannot connect to Unity Package Manager local server
Mono: successfully reloaded assembly
- Completed reload, in  2.384 seconds
Domain Reload Profiling:
	ReloadAssembly (2384ms)
		BeginReloadAssembly (152ms)
			ExecutionOrderSort (0ms)
			DisableScriptedObjects (5ms)
			BackupInstance (0ms)
			ReleaseScriptingObjects (0ms)
			CreateAndSetChildDomain (19ms)
		EndReloadAssembly (1992ms)
			LoadAssemblies (219ms)
			RebuildTransferFunctionScriptingTraits (0ms)
			SetupTypeCache (321ms)
			ReleaseScriptCaches (1ms)
			RebuildScriptCaches (63ms)
			SetupLoadedEditorAssemblies (1305ms)
				LogAssemblyErrors (0ms)
				InitializePlatformSupportModulesInManaged (7ms)
				SetLoadedEditorAssemblies (0ms)
				RefreshPlugins (118ms)
				BeforeProcessingInitializeOnLoad (107ms)
				ProcessInitializeOnLoadAttributes (992ms)
				ProcessInitializeOnLoadMethodAttributes (64ms)
				AfterProcessingInitializeOnLoad (16ms)
				EditorAssembliesLoaded (0ms)
			ExecutionOrderSort2 (0ms)
			AwakeInstancesAfterBackupRestoration (8ms)
Platform modules already initialized, skipping
========================================================================
Worker process is ready to serve import requests
Launched and connected shader compiler UnityShaderCompiler.exe after 0.09 seconds
Refreshing native plugins compatible for Editor in 0.83 ms, found 3 plugins.
Preloading 0 native plugins for Editor in 0.00 ms.
Unloading 5627 Unused Serialized files (Serialized files now loaded: 0)
Unloading 60 unused Assets / (2.1 MB). Loaded Objects now: 6074.
Memory consumption went from 250.3 MB to 248.2 MB.
Total: 4.906500 ms (FindLiveObjects: 0.368600 ms CreateObjectMapping: 0.207400 ms MarkObjects: 3.807900 ms  DeleteObjects: 0.521700 ms)

AssetImportParameters requested are different than current active one (requested -> active):
  custom:video-decoder-ogg-theora: a1e56fd34408186e4bbccfd4996cb3dc -> 
  custom:container-muxer-webm: aa71ff27fc2769a1b78a27578f13a17b -> 
  custom:container-demuxer-webm: 4f35f7cbe854078d1ac9338744f61a02 -> 
  custom:video-encoder-webm-vp8: eb34c28f22e8b96e1ab97ce403110664 -> 
  custom:CustomObjectIndexerAttribute: f67f22312cbe972f2da930a377ed3d15 -> 
  custom:audio-encoder-webm-vorbis: bf7c407c2cedff20999df2af8eb42d56 -> 
  custom:framework-win-MediaFoundation: 216162199b28c13a410421893ffa2e32 -> 
  custom:SearchIndexIgnoredProperties: e643bd26f0fe6173181afceb89e7c659 -> 
  custom:container-demuxer-ogg: 62fdf1f143b41e24485cea50d1cbac27 -> 
  custom:video-decoder-webm-vp8: 9c59270c3fd7afecdb556c50c9e8de78 -> 
  custom:audio-decoder-ogg-vorbis: bf7c407c2cedff20999df2af8eb42d56 -> 
========================================================================
Received Import Request.
  Time since last request: 859145.239576 seconds.
  path: Assets/boulder.fbm/rock_boulder_dry_nor_gl_1k.jpg
  artifactKey: Guid(9c78965a72fa33c459970ef5861ab45e) Importer(815301076,1909f56bfc062723c751e8b465ee728b)
Number of updated assets reloaded before import = 0
Start importing Assets/boulder.fbm/rock_boulder_dry_nor_gl_1k.jpg using Guid(9c78965a72fa33c459970ef5861ab45e) Importer(815301076,1909f56bfc062723c751e8b465ee728b)  -> (artifact id: '75653edbd4521b44b2249e5fadcfaa4d') in 0.143655 seconds 
Number of asset objects unloaded after import = 2
========================================================================
Received Import Request.
  Time since last request: 85.262510 seconds.
  path: Assets/Rowlan/Terrain/Stamps/Examples/Brushes/Rough Cliffs 18.brush
  artifactKey: Guid(06a90b9cb2e08084682e96a95bfeede5) Importer(815301076,1909f56bfc062723c751e8b465ee728b)
Number of updated assets reloaded before import = 0
Start importing Assets/Rowlan/Terrain/Stamps/Examples/Brushes/Rough Cliffs 18.brush using Guid(06a90b9cb2e08084682e96a95bfeede5) Importer(815301076,1909f56bfc062723c751e8b465ee728b)  -> (artifact id: 'bab02970531073911013e6ddff1e28fc') in 0.207665 seconds 
Number of asset objects unloaded after import = 2
========================================================================
Received Import Request.
  Time since last request: 97.696470 seconds.
  path: Assets/Rowlan/Terrain/Stamps/Examples/Brushes/Canyon 04.brush
  artifactKey: Guid(739081f3920db0f4bbf10fe30ba2006e) Importer(815301076,1909f56bfc062723c751e8b465ee728b)
Number of updated assets reloaded before import = 0
Start importing Assets/Rowlan/Terrain/Stamps/Examples/Brushes/Canyon 04.brush using Guid(739081f3920db0f4bbf10fe30ba2006e) Importer(815301076,1909f56bfc062723c751e8b465ee728b)  -> (artifact id: '2c4fe0bb2051e7e5e7e00821cb96228f') in 0.148105 seconds 
Number of asset objects unloaded after import = 2
========================================================================
Received Import Request.
  Time since last request: 3.737010 seconds.
  path: Assets/Rowlan/Terrain/Stamps/Examples/Brushes/Canyon 18.brush
  artifactKey: Guid(1d13d5d391d551e4a892f390a057d498) Importer(815301076,1909f56bfc062723c751e8b465ee728b)
Number of updated assets reloaded before import = 0
Start importing Assets/Rowlan/Terrain/Stamps/Examples/Brushes/Canyon 18.brush using Guid(1d13d5d391d551e4a892f390a057d498) Importer(815301076,1909f56bfc062723c751e8b465ee728b)  -> (artifact id: 'a5f436aec6457fa2165864f9acb90a33') in 0.269052 seconds 
Number of asset objects unloaded after import = 2
========================================================================
Received Import Request.
  Time since last request: 4.522026 seconds.
  path: Assets/Rowlan/Terrain/Stamps/Examples/Brushes/Canyon Shapes 03.brush
  artifactKey: Guid(eafae32e510ea564dafaf3dbaf3ec7e6) Importer(815301076,1909f56bfc062723c751e8b465ee728b)
Number of updated assets reloaded before import = 0
Start importing Assets/Rowlan/Terrain/Stamps/Examples/Brushes/Canyon Shapes 03.brush using Guid(eafae32e510ea564dafaf3dbaf3ec7e6) Importer(815301076,1909f56bfc062723c751e8b465ee728b)  -> (artifact id: 'e1e0f3277502e09ab4046976837f1299') in 0.249108 seconds 
Number of asset objects unloaded after import = 2
========================================================================
Received Import Request.
  Time since last request: 2.952971 seconds.
  path: Assets/Rowlan/Terrain/Stamps/Examples/Brushes/Craters 01.brush
  artifactKey: Guid(5c496415f82768f4d849ca039a940718) Importer(815301076,1909f56bfc062723c751e8b465ee728b)
Number of updated assets reloaded before import = 0
Start importing Assets/Rowlan/Terrain/Stamps/Examples/Brushes/Craters 01.brush using Guid(5c496415f82768f4d849ca039a940718) Importer(815301076,1909f56bfc062723c751e8b465ee728b)  -> (artifact id: 'e40d510ed3674c1f26fad89ce16df454') in 0.310553 seconds 
Number of asset objects unloaded after import = 2
========================================================================
Received Import Request.
  Time since last request: 1.427263 seconds.
  path: Assets/Rowlan/Terrain/Stamps/Examples/Brushes/Alien World - Bobble 02.brush
  artifactKey: Guid(8a120d76cbbc8d64d954a86bdb3fb697) Importer(815301076,1909f56bfc062723c751e8b465ee728b)
Number of updated assets reloaded before import = 0
Start importing Assets/Rowlan/Terrain/Stamps/Examples/Brushes/Alien World - Bobble 02.brush using Guid(8a120d76cbbc8d64d954a86bdb3fb697) Importer(815301076,1909f56bfc062723c751e8b465ee728b)  -> (artifact id: '2ac65a085f68409858afc66664cca1b7') in 0.107959 seconds 
Number of asset objects unloaded after import = 2
========================================================================
Received Import Request.
  Time since last request: 1.072759 seconds.
  path: Assets/Rowlan/Terrain/Stamps/Examples/Brushes/Alien World - Swirl 01.brush
  artifactKey: Guid(849fc143e30b8bc44b0ddd99f42be346) Importer(815301076,1909f56bfc062723c751e8b465ee728b)
Number of updated assets reloaded before import = 0
Start importing Assets/Rowlan/Terrain/Stamps/Examples/Brushes/Alien World - Swirl 01.brush using Guid(849fc143e30b8bc44b0ddd99f42be346) Importer(815301076,1909f56bfc062723c751e8b465ee728b)  -> (artifact id: '2f4239d1b1094783deb9b4cd43468511') in 0.030410 seconds 
Number of asset objects unloaded after import = 1
========================================================================
Received Import Request.
  Time since last request: 1.600723 seconds.
  path: Assets/Rowlan/Terrain/Stamps/Examples/Brushes/Alien World - Voronian 03.brush
  artifactKey: Guid(63f2d93741c57c245a5f7ba7eb747bb3) Importer(815301076,1909f56bfc062723c751e8b465ee728b)
Number of updated assets reloaded before import = 0
Start importing Assets/Rowlan/Terrain/Stamps/Examples/Brushes/Alien World - Voronian 03.brush using Guid(63f2d93741c57c245a5f7ba7eb747bb3) Importer(815301076,1909f56bfc062723c751e8b465ee728b)  -> (artifact id: '2a934d8b01dbf389bfb585ef0b42be45') in 0.208702 seconds 
Number of asset objects unloaded after import = 2
========================================================================
Received Import Request.
  Time since last request: 7.123061 seconds.
  path: Assets/Rowlan/Terrain/Stamps/Examples/Brushes/Dunes 06.brush
  artifactKey: Guid(fab4e192a6d83db4b8d952e264f10882) Importer(815301076,1909f56bfc062723c751e8b465ee728b)
Number of updated assets reloaded before import = 0
Start importing Assets/Rowlan/Terrain/Stamps/Examples/Brushes/Dunes 06.brush using Guid(fab4e192a6d83db4b8d952e264f10882) Importer(815301076,1909f56bfc062723c751e8b465ee728b)  -> (artifact id: '05df4ccba05a21b0a03e3246748839f3') in 0.426280 seconds 
Number of asset objects unloaded after import = 2
========================================================================
Received Import Request.
  Time since last request: 0.750638 seconds.
  path: Assets/Rowlan/Terrain/Stamps/Examples/Brushes/Dunes 04.brush
  artifactKey: Guid(97457b6e397adef45b059a05b8d33729) Importer(815301076,1909f56bfc062723c751e8b465ee728b)
Number of updated assets reloaded before import = 0
Start importing Assets/Rowlan/Terrain/Stamps/Examples/Brushes/Dunes 04.brush using Guid(97457b6e397adef45b059a05b8d33729) Importer(815301076,1909f56bfc062723c751e8b465ee728b)  -> (artifact id: '6013a7adf1bf4c74f9d449a217df54ca') in 0.086618 seconds 
Number of asset objects unloaded after import = 2
========================================================================
Received Import Request.
  Time since last request: 0.814424 seconds.
  path: Assets/Rowlan/Terrain/Stamps/Examples/Brushes/Dune Shapes 10.brush
  artifactKey: Guid(95461c02b12b98d4c8f61ceac3318f1e) Importer(815301076,1909f56bfc062723c751e8b465ee728b)
Number of updated assets reloaded before import = 0
Start importing Assets/Rowlan/Terrain/Stamps/Examples/Brushes/Dune Shapes 10.brush using Guid(95461c02b12b98d4c8f61ceac3318f1e) Importer(815301076,1909f56bfc062723c751e8b465ee728b)  -> (artifact id: 'bea77da90bea8bc2343a7a8a90c70911') in 0.196189 seconds 
Number of asset objects unloaded after import = 2
========================================================================
Received Import Request.
  Time since last request: 0.814423 seconds.
  path: Assets/Rowlan/Terrain/Stamps/Examples/Brushes/Dover Cliffs 15.brush
  artifactKey: Guid(d90b41f1f041fc7438de5fed1661bc4b) Importer(815301076,1909f56bfc062723c751e8b465ee728b)
Number of updated assets reloaded before import = 0
Start importing Assets/Rowlan/Terrain/Stamps/Examples/Brushes/Dover Cliffs 15.brush using Guid(d90b41f1f041fc7438de5fed1661bc4b) Importer(815301076,1909f56bfc062723c751e8b465ee728b)  -> (artifact id: 'f27c0cfc80ee4bba757b4eb094df0372') in 0.273852 seconds 
Number of asset objects unloaded after import = 2
========================================================================
Received Import Request.
  Time since last request: 0.825743 seconds.
  path: Assets/Rowlan/Terrain/Stamps/Examples/Brushes/Dover Cliffs 06.brush
  artifactKey: Guid(2e21e48ec58838e419aae8b0dd42e7e5) Importer(815301076,1909f56bfc062723c751e8b465ee728b)
Number of updated assets reloaded before import = 0
Start importing Assets/Rowlan/Terrain/Stamps/Examples/Brushes/Dover Cliffs 06.brush using Guid(2e21e48ec58838e419aae8b0dd42e7e5) Importer(815301076,1909f56bfc062723c751e8b465ee728b)  -> (artifact id: '748b4d7608bd5b070c337bbc9f3a3062') in 0.155473 seconds 
Number of asset objects unloaded after import = 2
========================================================================
Received Import Request.
  Time since last request: 1.638123 seconds.
  path: Assets/Rowlan/Terrain/Stamps/Examples/Brushes/Dunes 11.brush
  artifactKey: Guid(15e2a86ef71aad243ac06a71b5e512ba) Importer(815301076,1909f56bfc062723c751e8b465ee728b)
Number of updated assets reloaded before import = 0
Start importing Assets/Rowlan/Terrain/Stamps/Examples/Brushes/Dunes 11.brush using Guid(15e2a86ef71aad243ac06a71b5e512ba) Importer(815301076,1909f56bfc062723c751e8b465ee728b)  -> (artifact id: 'af56159ff702621873fded3836684649') in 0.136353 seconds 
Number of asset objects unloaded after import = 2
========================================================================
Received Import Request.
  Time since last request: 0.809007 seconds.
  path: Assets/Rowlan/Terrain/Stamps/Examples/Brushes/Dunes 19.brush
  artifactKey: Guid(4e4386f9c01d5d045a99758250e0bd14) Importer(815301076,1909f56bfc062723c751e8b465ee728b)
Number of updated assets reloaded before import = 0
Start importing Assets/Rowlan/Terrain/Stamps/Examples/Brushes/Dunes 19.brush using Guid(4e4386f9c01d5d045a99758250e0bd14) Importer(815301076,1909f56bfc062723c751e8b465ee728b)  -> (artifact id: '5eedd0cd09730b8c6c161a6e8aca40dd') in 0.094989 seconds 
Number of asset objects unloaded after import = 2
========================================================================
Received Import Request.
  Time since last request: 0.912327 seconds.
  path: Assets/Rowlan/Terrain/Stamps/Examples/Brushes/Highlands 02.brush
  artifactKey: Guid(9f568ca75e301564caf16c6ba5ef9f77) Importer(815301076,1909f56bfc062723c751e8b465ee728b)
Number of updated assets reloaded before import = 0
Start importing Assets/Rowlan/Terrain/Stamps/Examples/Brushes/Highlands 02.brush using Guid(9f568ca75e301564caf16c6ba5ef9f77) Importer(815301076,1909f56bfc062723c751e8b465ee728b)  -> (artifact id: 'c4e9f0508b342ebe459fdddc87032a1f') in 0.245055 seconds 
Number of asset objects unloaded after import = 2
========================================================================
Received Import Request.
  Time since last request: 0.865093 seconds.
  path: Assets/Rowlan/Terrain/Stamps/Examples/Brushes/Highlands 09.brush
  artifactKey: Guid(b62f0a3a95b6abf45a0f849787d92a6e) Importer(815301076,1909f56bfc062723c751e8b465ee728b)
Number of updated assets reloaded before import = 0
Start importing Assets/Rowlan/Terrain/Stamps/Examples/Brushes/Highlands 09.brush using Guid(b62f0a3a95b6abf45a0f849787d92a6e) Importer(815301076,1909f56bfc062723c751e8b465ee728b)  -> (artifact id: 'dab43ed4f9f2a3ab53fd720d0374d983') in 0.106193 seconds 
Number of asset objects unloaded after import = 2
========================================================================
Received Import Request.
  Time since last request: 1.182103 seconds.
  path: Assets/Rowlan/Terrain/Stamps/Examples/Brushes/Impact 02.brush
  artifactKey: Guid(d2a0c7ec27d60164eb1e207ec21299a4) Importer(815301076,1909f56bfc062723c751e8b465ee728b)
Number of updated assets reloaded before import = 0
Start importing Assets/Rowlan/Terrain/Stamps/Examples/Brushes/Impact 02.brush using Guid(d2a0c7ec27d60164eb1e207ec21299a4) Importer(815301076,1909f56bfc062723c751e8b465ee728b)  -> (artifact id: 'bb3daadaadc220ea232994fc8d7a9651') in 0.196774 seconds 
Number of asset objects unloaded after import = 2
========================================================================
Received Import Request.
  Time since last request: 0.840878 seconds.
  path: Assets/Rowlan/Terrain/Stamps/Examples/Brushes/Impact 14.brush
  artifactKey: Guid(0ddd9a63b11a3d646ace633973471ec1) Importer(815301076,1909f56bfc062723c751e8b465ee728b)
Number of updated assets reloaded before import = 0
Start importing Assets/Rowlan/Terrain/Stamps/Examples/Brushes/Impact 14.brush using Guid(0ddd9a63b11a3d646ace633973471ec1) Importer(815301076,1909f56bfc062723c751e8b465ee728b)  -> (artifact id: 'b5192dd83404d28bb60c9d4cf45abd22') in 0.189268 seconds 
Number of asset objects unloaded after import = 2
========================================================================
Received Import Request.
  Time since last request: 1.122739 seconds.
  path: Assets/Rowlan/Terrain/Stamps/Examples/Brushes/Layered Rocks 15.brush
  artifactKey: Guid(e20dbf7e6795c6a4493963e694b77360) Importer(815301076,1909f56bfc062723c751e8b465ee728b)
Number of updated assets reloaded before import = 0
Start importing Assets/Rowlan/Terrain/Stamps/Examples/Brushes/Layered Rocks 15.brush using Guid(e20dbf7e6795c6a4493963e694b77360) Importer(815301076,1909f56bfc062723c751e8b465ee728b)  -> (artifact id: '07d4cc7868c5a5e3408e523878338023') in 0.223626 seconds 
Number of asset objects unloaded after import = 2
========================================================================
Received Import Request.
  Time since last request: 1.250502 seconds.
  path: Assets/Rowlan/Terrain/Stamps/Examples/Brushes/Layered Rocks 09.brush
  artifactKey: Guid(98a2540547cafe74c983f54fd3413ac6) Importer(815301076,1909f56bfc062723c751e8b465ee728b)
Number of updated assets reloaded before import = 0
Start importing Assets/Rowlan/Terrain/Stamps/Examples/Brushes/Layered Rocks 09.brush using Guid(98a2540547cafe74c983f54fd3413ac6) Importer(815301076,1909f56bfc062723c751e8b465ee728b)  -> (artifact id: '9efced442cee7b44b90b56fd6fc322cf') in 0.215075 seconds 
Number of asset objects unloaded after import = 2
========================================================================
Received Import Request.
  Time since last request: 0.783850 seconds.
  path: Assets/Rowlan/Terrain/Stamps/Examples/Brushes/Jungle Rivers 03.brush
  artifactKey: Guid(d23ab4e2e92544d4fb42c846c60486d9) Importer(815301076,1909f56bfc062723c751e8b465ee728b)
Number of updated assets reloaded before import = 0
Start importing Assets/Rowlan/Terrain/Stamps/Examples/Brushes/Jungle Rivers 03.brush using Guid(d23ab4e2e92544d4fb42c846c60486d9) Importer(815301076,1909f56bfc062723c751e8b465ee728b)  -> (artifact id: '6dcfa08885ffa4d6a0abde91c3104be0') in 0.309791 seconds 
Number of asset objects unloaded after import = 2
========================================================================
Received Import Request.
  Time since last request: 0.746728 seconds.
  path: Assets/Rowlan/Terrain/Stamps/Examples/Brushes/Islands Volcano 02.brush
  artifactKey: Guid(c9fe75c5d519c6640ac905a5f32ab53a) Importer(815301076,1909f56bfc062723c751e8b465ee728b)
Number of updated assets reloaded before import = 0
Start importing Assets/Rowlan/Terrain/Stamps/Examples/Brushes/Islands Volcano 02.brush using Guid(c9fe75c5d519c6640ac905a5f32ab53a) Importer(815301076,1909f56bfc062723c751e8b465ee728b)  -> (artifact id: '6bf6347333808a3764f7c0a5865340dc') in 0.100448 seconds 
Number of asset objects unloaded after import = 2
========================================================================
Received Import Request.
  Time since last request: 1.206367 seconds.
  path: Assets/Rowlan/Terrain/Stamps/Examples/Brushes/Islands 23.brush
  artifactKey: Guid(472df1d235f68bf458f026d8b0af8d4d) Importer(815301076,1909f56bfc062723c751e8b465ee728b)
Number of updated assets reloaded before import = 0
Start importing Assets/Rowlan/Terrain/Stamps/Examples/Brushes/Islands 23.brush using Guid(472df1d235f68bf458f026d8b0af8d4d) Importer(815301076,1909f56bfc062723c751e8b465ee728b)  -> (artifact id: '238e082fb2bb18080391bfd8d074769a') in 0.113420 seconds 
Number of asset objects unloaded after import = 2
========================================================================
Received Import Request.
  Time since last request: 1.296560 seconds.
  path: Assets/Rowlan/Terrain/Stamps/Examples/Brushes/Islands 07.brush
  artifactKey: Guid(a67a7cf986f221948a72ff804fa8b304) Importer(815301076,1909f56bfc062723c751e8b465ee728b)
Number of updated assets reloaded before import = 0
Start importing Assets/Rowlan/Terrain/Stamps/Examples/Brushes/Islands 07.brush using Guid(a67a7cf986f221948a72ff804fa8b304) Importer(815301076,1909f56bfc062723c751e8b465ee728b)  -> (artifact id: '832a179cc3dc0e4c6971b31f52ca8838') in 0.182568 seconds 
Number of asset objects unloaded after import = 2
========================================================================
Received Import Request.
  Time since last request: 0.756990 seconds.
  path: Assets/Rowlan/Terrain/Stamps/Examples/Brushes/Meadows 04.brush
  artifactKey: Guid(d0e186dd0e3f0044d966a4c6e3a28a8e) Importer(815301076,1909f56bfc062723c751e8b465ee728b)
Number of updated assets reloaded before import = 0
Start importing Assets/Rowlan/Terrain/Stamps/Examples/Brushes/Meadows 04.brush using Guid(d0e186dd0e3f0044d966a4c6e3a28a8e) Importer(815301076,1909f56bfc062723c751e8b465ee728b)  -> (artifact id: 'bffb0c2d321fe5c9dbe6b0f35cd9dbae') in 0.278067 seconds 
Number of asset objects unloaded after import = 2
========================================================================
Received Import Request.
  Time since last request: 0.715061 seconds.
  path: Assets/Rowlan/Terrain/Stamps/Examples/Brushes/Meadows 12.brush
  artifactKey: Guid(40107fa807bc02b4ba519b34e067b50e) Importer(815301076,1909f56bfc062723c751e8b465ee728b)
Number of updated assets reloaded before import = 0
Start importing Assets/Rowlan/Terrain/Stamps/Examples/Brushes/Meadows 12.brush using Guid(40107fa807bc02b4ba519b34e067b50e) Importer(815301076,1909f56bfc062723c751e8b465ee728b)  -> (artifact id: '2efcdfcc8512d00fa427ed6f73c27759') in 0.098197 seconds 
Number of asset objects unloaded after import = 2
========================================================================
Received Import Request.
  Time since last request: 0.871487 seconds.
  path: Assets/Rowlan/Terrain/Stamps/Examples/Brushes/Meadows 28.brush
  artifactKey: Guid(904d3392a44f3e147bed897e766894a2) Importer(815301076,1909f56bfc062723c751e8b465ee728b)
Number of updated assets reloaded before import = 0
Start importing Assets/Rowlan/Terrain/Stamps/Examples/Brushes/Meadows 28.brush using Guid(904d3392a44f3e147bed897e766894a2) Importer(815301076,1909f56bfc062723c751e8b465ee728b)  -> (artifact id: 'df76f698c8624d7a7ed03b3e0a0395fd') in 0.094508 seconds 
Number of asset objects unloaded after import = 2
========================================================================
Received Import Request.
  Time since last request: 1.940454 seconds.
  path: Assets/Rowlan/Terrain/Stamps/Examples/Brushes/Plateau Lanes 03.brush
  artifactKey: Guid(e9531de9da45e1f49ad6e188cd0ee582) Importer(815301076,1909f56bfc062723c751e8b465ee728b)
Number of updated assets reloaded before import = 0
Start importing Assets/Rowlan/Terrain/Stamps/Examples/Brushes/Plateau Lanes 03.brush using Guid(e9531de9da45e1f49ad6e188cd0ee582) Importer(815301076,1909f56bfc062723c751e8b465ee728b)  -> (artifact id: 'c71d08f6ce2bcd264bfb603e57a61257') in 0.199435 seconds 
Number of asset objects unloaded after import = 2
========================================================================
Received Import Request.
  Time since last request: 0.685970 seconds.
  path: Assets/Rowlan/Terrain/Stamps/Examples/Brushes/Pride Rocks 01.brush
  artifactKey: Guid(c4a69e15d9176124a9fc10d9a307a614) Importer(815301076,1909f56bfc062723c751e8b465ee728b)
Number of updated assets reloaded before import = 0
Start importing Assets/Rowlan/Terrain/Stamps/Examples/Brushes/Pride Rocks 01.brush using Guid(c4a69e15d9176124a9fc10d9a307a614) Importer(815301076,1909f56bfc062723c751e8b465ee728b)  -> (artifact id: '506c4c176c2811018dffaa9514949b06') in 0.220954 seconds 
Number of asset objects unloaded after import = 2
========================================================================
Received Import Request.
  Time since last request: 0.704533 seconds.
  path: Assets/Rowlan/Terrain/Stamps/Examples/Brushes/Pride Rocks 02.brush
  artifactKey: Guid(9fa2c86bfa97a5649ae5c9441f7d939c) Importer(815301076,1909f56bfc062723c751e8b465ee728b)
Number of updated assets reloaded before import = 0
Start importing Assets/Rowlan/Terrain/Stamps/Examples/Brushes/Pride Rocks 02.brush using Guid(9fa2c86bfa97a5649ae5c9441f7d939c) Importer(815301076,1909f56bfc062723c751e8b465ee728b)  -> (artifact id: '75034244577e11baaf73b012613df002') in 0.196100 seconds 
Number of asset objects unloaded after import = 2
========================================================================
Received Import Request.
  Time since last request: 1.646947 seconds.
  path: Assets/Rowlan/Terrain/Stamps/Examples/Brushes/Rocky Plateaus 01.brush
  artifactKey: Guid(80108f6a6acd07842ab20673f7c47bae) Importer(815301076,1909f56bfc062723c751e8b465ee728b)
Number of updated assets reloaded before import = 0
Start importing Assets/Rowlan/Terrain/Stamps/Examples/Brushes/Rocky Plateaus 01.brush using Guid(80108f6a6acd07842ab20673f7c47bae) Importer(815301076,1909f56bfc062723c751e8b465ee728b)  -> (artifact id: 'de1f8fbac9010bc217e5d6d2da823d17') in 0.106696 seconds 
Number of asset objects unloaded after import = 2
========================================================================
Received Import Request.
  Time since last request: 3.764139 seconds.
  path: Assets/Rowlan/Terrain/Stamps/Examples/Brushes/Rolling Hills 06.brush
  artifactKey: Guid(6f63636c6bcb86b4a8bed430e42c754a) Importer(815301076,1909f56bfc062723c751e8b465ee728b)
Number of updated assets reloaded before import = 0
Start importing Assets/Rowlan/Terrain/Stamps/Examples/Brushes/Rolling Hills 06.brush using Guid(6f63636c6bcb86b4a8bed430e42c754a) Importer(815301076,1909f56bfc062723c751e8b465ee728b)  -> (artifact id: 'ae8d1081f5fe366b2674fa74995ab9ac') in 0.117574 seconds 
Number of asset objects unloaded after import = 2
========================================================================
Received Import Request.
  Time since last request: 1.697659 seconds.
  path: Assets/Rowlan/Terrain/Stamps/Examples/Brushes/Rugged Rocks 02.brush
  artifactKey: Guid(1c5e9b0de1229b444a53addd0fc3032d) Importer(815301076,1909f56bfc062723c751e8b465ee728b)
Number of updated assets reloaded before import = 0
Start importing Assets/Rowlan/Terrain/Stamps/Examples/Brushes/Rugged Rocks 02.brush using Guid(1c5e9b0de1229b444a53addd0fc3032d) Importer(815301076,1909f56bfc062723c751e8b465ee728b)  -> (artifact id: '69ae1c2fdc5a564ae2b1adc2875380fd') in 0.192630 seconds 
Number of asset objects unloaded after import = 2
========================================================================
Received Import Request.
  Time since last request: 0.726182 seconds.
  path: Assets/Rowlan/Terrain/Stamps/Examples/Brushes/Rugged Rocks 14.brush
  artifactKey: Guid(8c5671a9bcc09fe4d811b85a7768708f) Importer(815301076,1909f56bfc062723c751e8b465ee728b)
Number of updated assets reloaded before import = 0
Start importing Assets/Rowlan/Terrain/Stamps/Examples/Brushes/Rugged Rocks 14.brush using Guid(8c5671a9bcc09fe4d811b85a7768708f) Importer(815301076,1909f56bfc062723c751e8b465ee728b)  -> (artifact id: 'e9455c25cc8dcb8b830536faa02b12e5') in 0.169232 seconds 
Number of asset objects unloaded after import = 2
========================================================================
Received Import Request.
  Time since last request: 0.723411 seconds.
  path: Assets/Rowlan/Terrain/Stamps/Examples/Brushes/Rugged Rocks 20.brush
  artifactKey: Guid(a7b6584a62a54894997907c15a23fcb6) Importer(815301076,1909f56bfc062723c751e8b465ee728b)
Number of updated assets reloaded before import = 0
Start importing Assets/Rowlan/Terrain/Stamps/Examples/Brushes/Rugged Rocks 20.brush using Guid(a7b6584a62a54894997907c15a23fcb6) Importer(815301076,1909f56bfc062723c751e8b465ee728b)  -> (artifact id: '6a64af3765e05e79bccc4742e7b54fac') in 0.228382 seconds 
Number of asset objects unloaded after import = 2
========================================================================
Received Import Request.
  Time since last request: 0.797997 seconds.
  path: Assets/Rowlan/Terrain/Stamps/Examples/Brushes/Seaside Cliffs 02.brush
  artifactKey: Guid(c432018c1c95c63438cf85db0a41c912) Importer(815301076,1909f56bfc062723c751e8b465ee728b)
Number of updated assets reloaded before import = 0
Start importing Assets/Rowlan/Terrain/Stamps/Examples/Brushes/Seaside Cliffs 02.brush using Guid(c432018c1c95c63438cf85db0a41c912) Importer(815301076,1909f56bfc062723c751e8b465ee728b)  -> (artifact id: 'ce33f743897556d3d234c5e81b03b9c9') in 0.149867 seconds 
Number of asset objects unloaded after import = 2
========================================================================
Received Import Request.
  Time since last request: 2.116627 seconds.
  path: Assets/Rowlan/Terrain/Stamps/Examples/Brushes/Rugged Sedimented Rocks 08.brush
  artifactKey: Guid(bc71c7af54a789847ba4d8dbbad13b44) Importer(815301076,1909f56bfc062723c751e8b465ee728b)
Number of updated assets reloaded before import = 0
Start importing Assets/Rowlan/Terrain/Stamps/Examples/Brushes/Rugged Sedimented Rocks 08.brush using Guid(bc71c7af54a789847ba4d8dbbad13b44) Importer(815301076,1909f56bfc062723c751e8b465ee728b)  -> (artifact id: '6d2ced4724e8c0ecfbbfe410623cb2a8') in 0.153254 seconds 
Number of asset objects unloaded after import = 2
========================================================================
Received Import Request.
  Time since last request: 83.294032 seconds.
  path: Assets/Rowlan/Terrain
  artifactKey: Guid(1455413fd2f101048a1ddaaf8a4d4308) Importer(815301076,1909f56bfc062723c751e8b465ee728b)
Number of updated assets reloaded before import = 0
Start importing Assets/Rowlan/Terrain using Guid(1455413fd2f101048a1ddaaf8a4d4308) Importer(815301076,1909f56bfc062723c751e8b465ee728b)  -> (artifact id: '74f6819f080489f61aebe84ed4f5a570') in 0.041494 seconds 
Number of asset objects unloaded after import = 0
========================================================================
Received Import Request.
  Time since last request: 1.588253 seconds.
  path: Assets/Rowlan/Terrain/Stamps
  artifactKey: Guid(ef42606d61d048c43b2a1ea7f773a315) Importer(815301076,1909f56bfc062723c751e8b465ee728b)
Number of updated assets reloaded before import = 0
Start importing Assets/Rowlan/Terrain/Stamps using Guid(ef42606d61d048c43b2a1ea7f773a315) Importer(815301076,1909f56bfc062723c751e8b465ee728b)  -> (artifact id: '22a8f8001fb252e3371ebf153f22d4e8') in 0.013649 seconds 
Number of asset objects unloaded after import = 0
========================================================================
Received Import Request.
  Time since last request: 0.768491 seconds.
  path: Assets/Rowlan/Terrain/Stamps/Examples
  artifactKey: Guid(6c0b9139ce2a1234e92f1c1e94a4a174) Importer(815301076,1909f56bfc062723c751e8b465ee728b)
Number of updated assets reloaded before import = 0
Start importing Assets/Rowlan/Terrain/Stamps/Examples using Guid(6c0b9139ce2a1234e92f1c1e94a4a174) Importer(815301076,1909f56bfc062723c751e8b465ee728b)  -> (artifact id: 'f098e1a6c7c19ecd4be7066d30650d86') in 0.039569 seconds 
Number of asset objects unloaded after import = 0
========================================================================
Received Import Request.
  Time since last request: 2.349740 seconds.
  path: Assets/Rowlan/Terrain/Stamps/Examples/Heightmaps/Alien World - Bobble 02.png
  artifactKey: Guid(b91b5c904c6810c43b3d2a90abd8959f) Importer(815301076,1909f56bfc062723c751e8b465ee728b)
Number of updated assets reloaded before import = 0
Start importing Assets/Rowlan/Terrain/Stamps/Examples/Heightmaps/Alien World - Bobble 02.png using Guid(b91b5c904c6810c43b3d2a90abd8959f) Importer(815301076,1909f56bfc062723c751e8b465ee728b)  -> (artifact id: '4732cfc41d57ad35c2c24ffd99421096') in 0.180906 seconds 
Number of asset objects unloaded after import = 2
========================================================================
Received Import Request.
  Time since last request: 0.000071 seconds.
  path: Assets/Rowlan/Terrain/Stamps/Examples/Heightmaps/Meadows 04.png
  artifactKey: Guid(96878aa10a2287141b927c7304923f87) Importer(815301076,1909f56bfc062723c751e8b465ee728b)
Number of updated assets reloaded before import = 0
Start importing Assets/Rowlan/Terrain/Stamps/Examples/Heightmaps/Meadows 04.png using Guid(96878aa10a2287141b927c7304923f87) Importer(815301076,1909f56bfc062723c751e8b465ee728b)  -> (artifact id: '6db57d22ba32962bdabfb99cd43c7be7') in 0.091566 seconds 
Number of asset objects unloaded after import = 2
========================================================================
Received Import Request.
  Time since last request: 0.000056 seconds.
  path: Assets/Rowlan/Terrain/Stamps/Examples/Heightmaps
  artifactKey: Guid(8069b83ba1cbdfa4eacdcbce6a313c6f) Importer(815301076,1909f56bfc062723c751e8b465ee728b)
Number of updated assets reloaded before import = 0
Start importing Assets/Rowlan/Terrain/Stamps/Examples/Heightmaps using Guid(8069b83ba1cbdfa4eacdcbce6a313c6f) Importer(815301076,1909f56bfc062723c751e8b465ee728b)  -> (artifact id: 'f4a6af276b6ee0e55d520cc8ad436e32') in 0.020113 seconds 
Number of asset objects unloaded after import = 0
========================================================================
Received Import Request.
  Time since last request: 0.000038 seconds.
  path: Assets/Rowlan/Terrain/Stamps/Examples/Heightmaps/Islands Volcano 02.png
  artifactKey: Guid(e6bc89877a242fb4490f4bdede16bf7c) Importer(815301076,1909f56bfc062723c751e8b465ee728b)
Number of updated assets reloaded before import = 0
Start importing Assets/Rowlan/Terrain/Stamps/Examples/Heightmaps/Islands Volcano 02.png using Guid(e6bc89877a242fb4490f4bdede16bf7c) Importer(815301076,1909f56bfc062723c751e8b465ee728b)  -> (artifact id: '9851ddc2b2a7016a5da8758cb0de29b7') in 0.082862 seconds 
Number of asset objects unloaded after import = 2
========================================================================
Received Import Request.
  Time since last request: 0.000020 seconds.
  path: Assets/Rowlan/Terrain/Stamps/Examples/Heightmaps/Jungle Rivers 03.png
  artifactKey: Guid(b421431134f0b444fbdba7455c9b5d5f) Importer(815301076,1909f56bfc062723c751e8b465ee728b)
Number of updated assets reloaded before import = 0
Start importing Assets/Rowlan/Terrain/Stamps/Examples/Heightmaps/Jungle Rivers 03.png using Guid(b421431134f0b444fbdba7455c9b5d5f) Importer(815301076,1909f56bfc062723c751e8b465ee728b)  -> (artifact id: 'a1c38aed4b31d288be306868afca3183') in 0.088914 seconds 
Number of asset objects unloaded after import = 2
========================================================================
Received Import Request.
  Time since last request: 0.000084 seconds.
  path: Assets/Rowlan/Terrain/Stamps/Examples/Heightmaps/Dover Cliffs 06.png
  artifactKey: Guid(53d66175be511164e89be30983102f84) Importer(815301076,1909f56bfc062723c751e8b465ee728b)
Number of updated assets reloaded before import = 0
Start importing Assets/Rowlan/Terrain/Stamps/Examples/Heightmaps/Dover Cliffs 06.png using Guid(53d66175be511164e89be30983102f84) Importer(815301076,1909f56bfc062723c751e8b465ee728b)  -> (artifact id: '5bcb0a75bca785af9e659bc02c9f1fc2') in 0.086483 seconds 
Number of asset objects unloaded after import = 2
========================================================================
Received Import Request.
  Time since last request: 0.000041 seconds.
  path: Assets/Rowlan/Terrain/Stamps/Examples/Heightmaps/Rock Shapes 10.png
  artifactKey: Guid(ec1cd954faa52e44e910221cd07de5ed) Importer(815301076,1909f56bfc062723c751e8b465ee728b)
Number of updated assets reloaded before import = 0
Start importing Assets/Rowlan/Terrain/Stamps/Examples/Heightmaps/Rock Shapes 10.png using Guid(ec1cd954faa52e44e910221cd07de5ed) Importer(815301076,1909f56bfc062723c751e8b465ee728b)  -> (artifact id: '10d5c32cf99a0017eb99fb287cb48f4c') in 0.121129 seconds 
Number of asset objects unloaded after import = 2
========================================================================
Received Import Request.
  Time since last request: 0.000054 seconds.
  path: Assets/Rowlan/Terrain/Stamps/Examples/Heightmaps/Dunes 06.png
  artifactKey: Guid(f13998221befc2f49ba429248cbadaea) Importer(815301076,1909f56bfc062723c751e8b465ee728b)
Number of updated assets reloaded before import = 0
Start importing Assets/Rowlan/Terrain/Stamps/Examples/Heightmaps/Dunes 06.png using Guid(f13998221befc2f49ba429248cbadaea) Importer(815301076,1909f56bfc062723c751e8b465ee728b)  -> (artifact id: '83472838e97399095d77cf2b9966f90f') in 0.031456 seconds 
Number of asset objects unloaded after import = 2
========================================================================
Received Import Request.
  Time since last request: 0.000026 seconds.
  path: Assets/Rowlan/Terrain/Stamps/Examples/Heightmaps/Rocky Desert 01.png
  artifactKey: Guid(3b251cd825315b147b9e2be47b0cd9cf) Importer(815301076,1909f56bfc062723c751e8b465ee728b)
Number of updated assets reloaded before import = 0
Start importing Assets/Rowlan/Terrain/Stamps/Examples/Heightmaps/Rocky Desert 01.png using Guid(3b251cd825315b147b9e2be47b0cd9cf) Importer(815301076,1909f56bfc062723c751e8b465ee728b)  -> (artifact id: '770c1960954e1ada743b0a73252915da') in 0.115270 seconds 
Number of asset objects unloaded after import = 2
========================================================================
Received Import Request.
  Time since last request: 0.000048 seconds.
  path: Assets/Rowlan/Terrain/Stamps/Examples/Heightmaps/Layered Rocks 09.png
  artifactKey: Guid(53b34fd1777f2ac448e341a5202bec0a) Importer(815301076,1909f56bfc062723c751e8b465ee728b)
Number of updated assets reloaded before import = 0
Start importing Assets/Rowlan/Terrain/Stamps/Examples/Heightmaps/Layered Rocks 09.png using Guid(53b34fd1777f2ac448e341a5202bec0a) Importer(815301076,1909f56bfc062723c751e8b465ee728b)  -> (artifact id: '6d807ae7e91511c52b0f5f583ca0009c') in 0.085240 seconds 
Number of asset objects unloaded after import = 2
========================================================================
Received Import Request.
  Time since last request: 0.000044 seconds.
  path: Assets/Rowlan/Terrain/Stamps/Examples/Heightmaps/Rugged Rocks 02.png
  artifactKey: Guid(e175b355d078a0343a0e100c00c7df64) Importer(815301076,1909f56bfc062723c751e8b465ee728b)
Number of updated assets reloaded before import = 0
Start importing Assets/Rowlan/Terrain/Stamps/Examples/Heightmaps/Rugged Rocks 02.png using Guid(e175b355d078a0343a0e100c00c7df64) Importer(815301076,1909f56bfc062723c751e8b465ee728b)  -> (artifact id: '4e8783e3ea79b641837ca515e156a7fb') in 0.078754 seconds 
Number of asset objects unloaded after import = 2
========================================================================
Received Import Request.
  Time since last request: 0.000026 seconds.
  path: Assets/Rowlan/Terrain/Stamps/Examples/Heightmaps/Rock Shapes 22.png
  artifactKey: Guid(70f4c2af40692ce46b6a7490560e77eb) Importer(815301076,1909f56bfc062723c751e8b465ee728b)
Number of updated assets reloaded before import = 0
Start importing Assets/Rowlan/Terrain/Stamps/Examples/Heightmaps/Rock Shapes 22.png using Guid(70f4c2af40692ce46b6a7490560e77eb) Importer(815301076,1909f56bfc062723c751e8b465ee728b)  -> (artifact id: 'a2458fcf9381d49b79d2a6339e137da3') in 0.100583 seconds 
Number of asset objects unloaded after import = 2
========================================================================
Received Import Request.
  Time since last request: 0.000050 seconds.
  path: Assets/Rowlan/Terrain/Stamps/Examples/Heightmaps/Rough Cliffs 18.png
  artifactKey: Guid(dd63756ea8db5b64c8ac6692f649d83f) Importer(815301076,1909f56bfc062723c751e8b465ee728b)
Number of updated assets reloaded before import = 0
Start importing Assets/Rowlan/Terrain/Stamps/Examples/Heightmaps/Rough Cliffs 18.png using Guid(dd63756ea8db5b64c8ac6692f649d83f) Importer(815301076,1909f56bfc062723c751e8b465ee728b)  -> (artifact id: 'bb8b62b8fdf9a2750c54eb0dcc134797') in 0.096347 seconds 
Number of asset objects unloaded after import = 2
========================================================================
Received Import Request.
  Time since last request: 0.000041 seconds.
  path: Assets/Rowlan/Terrain/Stamps/Examples/Heightmaps/Impact 02.png
  artifactKey: Guid(c84767cce07041a478f0333b0c1dd694) Importer(815301076,1909f56bfc062723c751e8b465ee728b)
Number of updated assets reloaded before import = 0
Start importing Assets/Rowlan/Terrain/Stamps/Examples/Heightmaps/Impact 02.png using Guid(c84767cce07041a478f0333b0c1dd694) Importer(815301076,1909f56bfc062723c751e8b465ee728b)  -> (artifact id: 'c9be1ca78f922ea1aad1646a037457d5') in 0.088784 seconds 
Number of asset objects unloaded after import = 2
========================================================================
Received Import Request.
  Time since last request: 0.000037 seconds.
  path: Assets/Rowlan/Terrain/Stamps/Examples/Heightmaps/Impact 14.png
  artifactKey: Guid(ab920ba64c1f2b342996ca6187ad2e30) Importer(815301076,1909f56bfc062723c751e8b465ee728b)
Number of updated assets reloaded before import = 0
Start importing Assets/Rowlan/Terrain/Stamps/Examples/Heightmaps/Impact 14.png using Guid(ab920ba64c1f2b342996ca6187ad2e30) Importer(815301076,1909f56bfc062723c751e8b465ee728b)  -> (artifact id: 'e3dae56968ec006806f657294f049418') in 0.087469 seconds 
Number of asset objects unloaded after import = 2
========================================================================
Received Import Request.
  Time since last request: 0.000035 seconds.
  path: Assets/Rowlan/Terrain/Stamps/Examples/Heightmaps/Rocky Plateaus 01.png
  artifactKey: Guid(69464108deb167e48b5748cea2aa3bf9) Importer(815301076,1909f56bfc062723c751e8b465ee728b)
Number of updated assets reloaded before import = 0
Start importing Assets/Rowlan/Terrain/Stamps/Examples/Heightmaps/Rocky Plateaus 01.png using Guid(69464108deb167e48b5748cea2aa3bf9) Importer(815301076,1909f56bfc062723c751e8b465ee728b)  -> (artifact id: '1faea239ce634bf61ab9d5651f949eb4') in 0.098625 seconds 
Number of asset objects unloaded after import = 2
========================================================================
Received Import Request.
  Time since last request: 0.000061 seconds.
  path: Assets/Rowlan/Terrain/Stamps/Examples/Heightmaps/Canyon 04.png
  artifactKey: Guid(8b3d38b0c81f61947a55068fb12f37f3) Importer(815301076,1909f56bfc062723c751e8b465ee728b)
Number of updated assets reloaded before import = 0
Start importing Assets/Rowlan/Terrain/Stamps/Examples/Heightmaps/Canyon 04.png using Guid(8b3d38b0c81f61947a55068fb12f37f3) Importer(815301076,1909f56bfc062723c751e8b465ee728b)  -> (artifact id: '375e949fe8695599975f3ffd5090cd5e') in 0.079344 seconds 
Number of asset objects unloaded after import = 2
========================================================================
Received Import Request.
  Time since last request: 0.000033 seconds.
  path: Assets/Rowlan/Terrain/Stamps/Examples/Heightmaps/Dunes 19.png
  artifactKey: Guid(467d10e724d53144689b7788e6f8228f) Importer(815301076,1909f56bfc062723c751e8b465ee728b)
Number of updated assets reloaded before import = 0
Start importing Assets/Rowlan/Terrain/Stamps/Examples/Heightmaps/Dunes 19.png using Guid(467d10e724d53144689b7788e6f8228f) Importer(815301076,1909f56bfc062723c751e8b465ee728b)  -> (artifact id: '3b4f466789713d7b978586f21ec20844') in 0.097382 seconds 
Number of asset objects unloaded after import = 2
========================================================================
Received Import Request.
  Time since last request: 0.000065 seconds.
  path: Assets/Rowlan/Terrain/Stamps/Examples/Heightmaps/Craters 01.png
  artifactKey: Guid(d12bc82025ce7d442b46c9eb48a73da6) Importer(815301076,1909f56bfc062723c751e8b465ee728b)
Number of updated assets reloaded before import = 0
Start importing Assets/Rowlan/Terrain/Stamps/Examples/Heightmaps/Craters 01.png using Guid(d12bc82025ce7d442b46c9eb48a73da6) Importer(815301076,1909f56bfc062723c751e8b465ee728b)  -> (artifact id: '6f0b241bc04f4accf4b81110134dbabf') in 0.102001 seconds 
Number of asset objects unloaded after import = 2
========================================================================
Received Import Request.
  Time since last request: 5.812035 seconds.
  path: Assets/Rowlan/Terrain/Stamps/Examples/Heightmaps/Rugged Rocks 51.png
  artifactKey: Guid(e6165c26fed920d4d8857043a8408e16) Importer(815301076,1909f56bfc062723c751e8b465ee728b)
Number of updated assets reloaded before import = 0
Start importing Assets/Rowlan/Terrain/Stamps/Examples/Heightmaps/Rugged Rocks 51.png using Guid(e6165c26fed920d4d8857043a8408e16) Importer(815301076,1909f56bfc062723c751e8b465ee728b)  -> (artifact id: '272a0252c15924933828788542542d05') in 0.097763 seconds 
Number of asset objects unloaded after import = 2
========================================================================
Received Import Request.
  Time since last request: 2.472185 seconds.
  path: Assets/Rowlan/Terrain/Stamps/Examples/Heightmaps/Rugged Sedimented Rocks 24.png
  artifactKey: Guid(30562f4afbd3dcf4a954cd42314b9e03) Importer(815301076,1909f56bfc062723c751e8b465ee728b)
Number of updated assets reloaded before import = 0
Start importing Assets/Rowlan/Terrain/Stamps/Examples/Heightmaps/Rugged Sedimented Rocks 24.png using Guid(30562f4afbd3dcf4a954cd42314b9e03) Importer(815301076,1909f56bfc062723c751e8b465ee728b)  -> (artifact id: '1bf54ced05ffe9b17f1c5873f24a8a2d') in 0.298429 seconds 
Number of asset objects unloaded after import = 2
========================================================================
Received Import Request.
  Time since last request: 0.000042 seconds.
  path: Assets/Rowlan/Terrain/Stamps/Examples/Heightmaps/Stranger Lands 06.png
  artifactKey: Guid(949265e8b28bd6e48af4e592d907f926) Importer(815301076,1909f56bfc062723c751e8b465ee728b)
Number of updated assets reloaded before import = 0
Start importing Assets/Rowlan/Terrain/Stamps/Examples/Heightmaps/Stranger Lands 06.png using Guid(949265e8b28bd6e48af4e592d907f926) Importer(815301076,1909f56bfc062723c751e8b465ee728b)  -> (artifact id: '881e15fd296707c514570169deace769') in 0.253407 seconds 
Number of asset objects unloaded after import = 2
========================================================================
Received Import Request.
  Time since last request: 0.057969 seconds.
  path: Assets/Rowlan/Terrain/Stamps/Examples/Heightmaps/Terraced Cliffs Drake.png
  artifactKey: Guid(62b8e4b37a1d65844acfbd6fc36a8eee) Importer(815301076,1909f56bfc062723c751e8b465ee728b)
Number of updated assets reloaded before import = 0
Start importing Assets/Rowlan/Terrain/Stamps/Examples/Heightmaps/Terraced Cliffs Drake.png using Guid(62b8e4b37a1d65844acfbd6fc36a8eee) Importer(815301076,1909f56bfc062723c751e8b465ee728b)  -> (artifact id: '66d1be6fe2a2f79b9927bcd00d7c669a') in 0.199242 seconds 
Number of asset objects unloaded after import = 2
Editor requested this worker to shutdown with reason: Scaling down because of idle timeout
AssetImportWorker is now disconnected from the server
Process exiting
Exiting without the bug reporter. Application will terminate with return code 0