Using pre-set license
Built from '2021.3/staging' branch; Version is '2021.3.36f1 (7a0645017be0) revision 7996997'; Using compiler version '192829333'; Build Type 'Release'
OS: 'Windows 11  (10.0.22631) 64bit CoreSingleLanguage' Language: 'en' Physical Memory: 16084 MB
BatchMode: 1, IsHumanControllingUs: 0, StartBugReporterOnCrash: 0, Is64bit: 1, IsPro: 1

COMMAND LINE ARGUMENTS:
C:\Program Files\Unity\Hub\Editor\2021.3.36f1\Editor\Unity.exe
-adb2
-batchMode
-noUpm
-name
AssetImportWorker13
-projectPath
C:/Users/miche/Downloads/Game Engineering/Progress UAS Game Eng
-logFile
Logs/AssetImportWorker13.log
-srvPort
52335
Successfully changed project path to: C:/Users/miche/Downloads/Game Engineering/Progress UAS Game Eng
C:/Users/miche/Downloads/Game Engineering/Progress UAS Game Eng
[UnityMemory] Configuration Parameters - Can be set up in boot.config
    "memorysetup-bucket-allocator-granularity=16"
    "memorysetup-bucket-allocator-bucket-count=8"
    "memorysetup-bucket-allocator-block-size=33554432"
    "memorysetup-bucket-allocator-block-count=8"
    "memorysetup-main-allocator-block-size=16777216"
    "memorysetup-thread-allocator-block-size=16777216"
    "memorysetup-gfx-main-allocator-block-size=16777216"
    "memorysetup-gfx-thread-allocator-block-size=16777216"
    "memorysetup-cache-allocator-block-size=4194304"
    "memorysetup-typetree-allocator-block-size=2097152"
    "memorysetup-profiler-bucket-allocator-granularity=16"
    "memorysetup-profiler-bucket-allocator-bucket-count=8"
    "memorysetup-profiler-bucket-allocator-block-size=33554432"
    "memorysetup-profiler-bucket-allocator-block-count=8"
    "memorysetup-profiler-allocator-block-size=16777216"
    "memorysetup-profiler-editor-allocator-block-size=1048576"
    "memorysetup-temp-allocator-size-main=16777216"
    "memorysetup-job-temp-allocator-block-size=2097152"
    "memorysetup-job-temp-allocator-block-size-background=1048576"
    "memorysetup-job-temp-allocator-reduction-small-platforms=262144"
    "memorysetup-temp-allocator-size-background-worker=32768"
    "memorysetup-temp-allocator-size-job-worker=262144"
    "memorysetup-temp-allocator-size-preload-manager=33554432"
    "memorysetup-temp-allocator-size-nav-mesh-worker=65536"
    "memorysetup-temp-allocator-size-audio-worker=65536"
    "memorysetup-temp-allocator-size-cloud-worker=32768"
    "memorysetup-temp-allocator-size-gi-baking-worker=262144"
    "memorysetup-temp-allocator-size-gfx=262144"
Player connection [9472] Host "[IP] 192.168.56.1 [Port] 0 [Flags] 2 [Guid] 667619291 [EditorId] 667619291 [Version] 1048832 [Id] WindowsEditor(7,MSI) [Debug] 1 [PackageName] WindowsEditor [ProjectName] Editor" joined multi-casting on [225.0.0.222:54997]...

Player connection [9472] Host "[IP] 192.168.56.1 [Port] 0 [Flags] 2 [Guid] 667619291 [EditorId] 667619291 [Version] 1048832 [Id] WindowsEditor(7,MSI) [Debug] 1 [PackageName] WindowsEditor [ProjectName] Editor" joined alternative multi-casting on [225.0.0.222:34997]...

[Physics::Module] Initialized MultithreadedJobDispatcher with {0} workers.
Refreshing native plugins compatible for Editor in 202.40 ms, found 3 plugins.
Preloading 0 native plugins for Editor in 0.00 ms.
Initialize engine version: 2021.3.36f1 (7a0645017be0)
[Subsystems] Discovering subsystems at path C:/Program Files/Unity/Hub/Editor/2021.3.36f1/Editor/Data/Resources/UnitySubsystems
[Subsystems] Discovering subsystems at path C:/Users/miche/Downloads/Game Engineering/Progress UAS Game Eng/Assets
GfxDevice: creating device client; threaded=0; jobified=0
Direct3D:
    Version:  Direct3D 11.0 [level 11.1]
    Renderer: Intel(R) Iris(R) Xe Graphics (ID=0x46a6)
    Vendor:   Intel
    VRAM:     8042 MB
    Driver:   30.0.101.2079
Initialize mono
Mono path[0] = 'C:/Program Files/Unity/Hub/Editor/2021.3.36f1/Editor/Data/Managed'
Mono path[1] = 'C:/Program Files/Unity/Hub/Editor/2021.3.36f1/Editor/Data/MonoBleedingEdge/lib/mono/unityjit-win32'
Mono config path = 'C:/Program Files/Unity/Hub/Editor/2021.3.36f1/Editor/Data/MonoBleedingEdge/etc'
Using monoOptions --debugger-agent=transport=dt_socket,embedding=1,server=y,suspend=n,address=127.0.0.1:56552
Begin MonoManager ReloadAssembly
Registering precompiled unity dll's ...
Register platform support module: C:/Program Files/Unity/Hub/Editor/2021.3.36f1/Editor/Data/PlaybackEngines/WebGLSupport/UnityEditor.WebGL.Extensions.dll
Register platform support module: C:/Program Files/Unity/Hub/Editor/2021.3.36f1/Editor/Data/PlaybackEngines/WindowsStandaloneSupport/UnityEditor.WindowsStandalone.Extensions.dll
Registered in 0.012555 seconds.
Native extension for WindowsStandalone target not found
Native extension for WebGL target not found
Refreshing native plugins compatible for Editor in 111.86 ms, found 3 plugins.
Preloading 0 native plugins for Editor in 0.00 ms.
Mono: successfully reloaded assembly
- Completed reload, in  0.919 seconds
Domain Reload Profiling:
	ReloadAssembly (920ms)
		BeginReloadAssembly (190ms)
			ExecutionOrderSort (0ms)
			DisableScriptedObjects (0ms)
			BackupInstance (0ms)
			ReleaseScriptingObjects (0ms)
			CreateAndSetChildDomain (1ms)
		EndReloadAssembly (553ms)
			LoadAssemblies (187ms)
			RebuildTransferFunctionScriptingTraits (0ms)
			SetupTypeCache (181ms)
			ReleaseScriptCaches (0ms)
			RebuildScriptCaches (30ms)
			SetupLoadedEditorAssemblies (295ms)
				LogAssemblyErrors (0ms)
				InitializePlatformSupportModulesInManaged (8ms)
				SetLoadedEditorAssemblies (0ms)
				RefreshPlugins (112ms)
				BeforeProcessingInitializeOnLoad (1ms)
				ProcessInitializeOnLoadAttributes (134ms)
				ProcessInitializeOnLoadMethodAttributes (39ms)
				AfterProcessingInitializeOnLoad (0ms)
				EditorAssembliesLoaded (0ms)
			ExecutionOrderSort2 (0ms)
			AwakeInstancesAfterBackupRestoration (0ms)
Platform modules already initialized, skipping
Registering precompiled user dll's ...
Registered in 0.009790 seconds.
Begin MonoManager ReloadAssembly
Native extension for WindowsStandalone target not found
Native extension for WebGL target not found
Refreshing native plugins compatible for Editor in 92.39 ms, found 3 plugins.
Preloading 0 native plugins for Editor in 0.00 ms.
Package Manager log level set to [2]
[Package Manager] Server::EnsureServerProcessIsRunning -- launch failed, reason: Unity was launched with the -noUpm command-line argument
[Package Manager] Cannot connect to Unity Package Manager local server
Mono: successfully reloaded assembly
- Completed reload, in  2.156 seconds
Domain Reload Profiling:
	ReloadAssembly (2156ms)
		BeginReloadAssembly (173ms)
			ExecutionOrderSort (0ms)
			DisableScriptedObjects (7ms)
			BackupInstance (0ms)
			ReleaseScriptingObjects (0ms)
			CreateAndSetChildDomain (20ms)
		EndReloadAssembly (1796ms)
			LoadAssemblies (233ms)
			RebuildTransferFunctionScriptingTraits (0ms)
			SetupTypeCache (334ms)
			ReleaseScriptCaches (1ms)
			RebuildScriptCaches (55ms)
			SetupLoadedEditorAssemblies (1180ms)
				LogAssemblyErrors (0ms)
				InitializePlatformSupportModulesInManaged (5ms)
				SetLoadedEditorAssemblies (0ms)
				RefreshPlugins (92ms)
				BeforeProcessingInitializeOnLoad (88ms)
				ProcessInitializeOnLoadAttributes (936ms)
				ProcessInitializeOnLoadMethodAttributes (52ms)
				AfterProcessingInitializeOnLoad (7ms)
				EditorAssembliesLoaded (0ms)
			ExecutionOrderSort2 (0ms)
			AwakeInstancesAfterBackupRestoration (5ms)
Platform modules already initialized, skipping
========================================================================
Worker process is ready to serve import requests
Launched and connected shader compiler UnityShaderCompiler.exe after 0.06 seconds
Refreshing native plugins compatible for Editor in 0.82 ms, found 3 plugins.
Preloading 0 native plugins for Editor in 0.00 ms.
Unloading 5627 Unused Serialized files (Serialized files now loaded: 0)
Unloading 60 unused Assets / (2.1 MB). Loaded Objects now: 6077.
Memory consumption went from 250.7 MB to 248.6 MB.
Total: 4.983900 ms (FindLiveObjects: 0.485300 ms CreateObjectMapping: 0.278700 ms MarkObjects: 3.858500 ms  DeleteObjects: 0.358100 ms)

AssetImportParameters requested are different than current active one (requested -> active):
  custom:video-decoder-ogg-theora: a1e56fd34408186e4bbccfd4996cb3dc -> 
  custom:container-muxer-webm: aa71ff27fc2769a1b78a27578f13a17b -> 
  custom:container-demuxer-webm: 4f35f7cbe854078d1ac9338744f61a02 -> 
  custom:video-encoder-webm-vp8: eb34c28f22e8b96e1ab97ce403110664 -> 
  custom:CustomObjectIndexerAttribute: f67f22312cbe972f2da930a377ed3d15 -> 
  custom:audio-encoder-webm-vorbis: bf7c407c2cedff20999df2af8eb42d56 -> 
  custom:framework-win-MediaFoundation: 216162199b28c13a410421893ffa2e32 -> 
  custom:SearchIndexIgnoredProperties: e643bd26f0fe6173181afceb89e7c659 -> 
  custom:container-demuxer-ogg: 62fdf1f143b41e24485cea50d1cbac27 -> 
  custom:video-decoder-webm-vp8: 9c59270c3fd7afecdb556c50c9e8de78 -> 
  custom:audio-decoder-ogg-vorbis: bf7c407c2cedff20999df2af8eb42d56 -> 
========================================================================
Received Import Request.
  Time since last request: 859491.099877 seconds.
  path: Assets/Rowlan/Terrain/Stamps/Examples/Heightmaps/Sandy Beaches 05.png
  artifactKey: Guid(afe57c2c0bf467f498a69312d558ab68) Importer(815301076,1909f56bfc062723c751e8b465ee728b)
Number of updated assets reloaded before import = 0
Start importing Assets/Rowlan/Terrain/Stamps/Examples/Heightmaps/Sandy Beaches 05.png using Guid(afe57c2c0bf467f498a69312d558ab68) Importer(815301076,1909f56bfc062723c751e8b465ee728b)  -> (artifact id: '2482bad5fac9ffdb4b829447faadf195') in 0.526303 seconds 
Number of asset objects unloaded after import = 2
========================================================================
Received Import Request.
  Time since last request: 0.000027 seconds.
  path: Assets/Rowlan/Terrain/Stamps/Examples/Heightmaps/Terrace Fields 15.png
  artifactKey: Guid(ba7fab5ba04f2684ebc0d85ce637116c) Importer(815301076,1909f56bfc062723c751e8b465ee728b)
Number of updated assets reloaded before import = 0
Start importing Assets/Rowlan/Terrain/Stamps/Examples/Heightmaps/Terrace Fields 15.png using Guid(ba7fab5ba04f2684ebc0d85ce637116c) Importer(815301076,1909f56bfc062723c751e8b465ee728b)  -> (artifact id: '704f657fe51bf021fc238b91121bf4c0') in 0.121195 seconds 
Number of asset objects unloaded after import = 2
========================================================================
Received Import Request.
  Time since last request: 0.000067 seconds.
  path: Assets/Rowlan/Terrain/Stamps/Examples/Heightmaps/Volcano 03.png
  artifactKey: Guid(5984e1850c646cb4690005339ea2941b) Importer(815301076,1909f56bfc062723c751e8b465ee728b)
Number of updated assets reloaded before import = 0
Start importing Assets/Rowlan/Terrain/Stamps/Examples/Heightmaps/Volcano 03.png using Guid(5984e1850c646cb4690005339ea2941b) Importer(815301076,1909f56bfc062723c751e8b465ee728b)  -> (artifact id: '84806fc3469c49cf957915a56ca9c0d5') in 0.145796 seconds 
Number of asset objects unloaded after import = 2
========================================================================
Received Import Request.
  Time since last request: 0.000029 seconds.
  path: Assets/Rowlan/Terrain/Stamps/Examples/Heightmaps/Volcano 20.png
  artifactKey: Guid(83fc9147432a7114fad8b3fa40f89cb6) Importer(815301076,1909f56bfc062723c751e8b465ee728b)
Number of updated assets reloaded before import = 0
Start importing Assets/Rowlan/Terrain/Stamps/Examples/Heightmaps/Volcano 20.png using Guid(83fc9147432a7114fad8b3fa40f89cb6) Importer(815301076,1909f56bfc062723c751e8b465ee728b)  -> (artifact id: 'f787fec177a0757c59453b919557988b') in 0.108371 seconds 
Number of asset objects unloaded after import = 2
========================================================================
Received Import Request.
  Time since last request: 126.409008 seconds.
  path: Assets/Sci-Fi UI/_SciFi_GUISkin_/SciFi_Skin.guiskin
  artifactKey: Guid(9705c0e7595e14d42bcd9e476468d8d7) Importer(815301076,1909f56bfc062723c751e8b465ee728b)
Number of updated assets reloaded before import = 0
Start importing Assets/Sci-Fi UI/_SciFi_GUISkin_/SciFi_Skin.guiskin using Guid(9705c0e7595e14d42bcd9e476468d8d7) Importer(815301076,1909f56bfc062723c751e8b465ee728b)  -> (artifact id: 'd35bd76c5fd423d05bb9f3ebccc4791d') in 0.073921 seconds 
Number of asset objects unloaded after import = 3
========================================================================
Received Import Request.
  Time since last request: 0.000037 seconds.
  path: Assets/Sci-Fi UI/_SciFi_GUISkin_
  artifactKey: Guid(06c42dacf407f3641bbd9e9a3fa911eb) Importer(815301076,1909f56bfc062723c751e8b465ee728b)
Number of updated assets reloaded before import = 0
Start importing Assets/Sci-Fi UI/_SciFi_GUISkin_ using Guid(06c42dacf407f3641bbd9e9a3fa911eb) Importer(815301076,1909f56bfc062723c751e8b465ee728b)  -> (artifact id: 'dd959432356c3c641ddd667afc59f774') in 0.020063 seconds 
Number of asset objects unloaded after import = 0
========================================================================
Received Prepare
Registering precompiled user dll's ...
Registered in 0.006008 seconds.
Begin MonoManager ReloadAssembly
Native extension for WindowsStandalone target not found
Native extension for WebGL target not found
Refreshing native plugins compatible for Editor in 0.87 ms, found 3 plugins.
Preloading 0 native plugins for Editor in 0.00 ms.
[Package Manager] Server::EnsureServerProcessIsRunning -- launch failed, reason: Unity was launched with the -noUpm command-line argument
[Package Manager] Cannot connect to Unity Package Manager local server
Mono: successfully reloaded assembly
- Completed reload, in  2.023 seconds
Domain Reload Profiling:
	ReloadAssembly (2023ms)
		BeginReloadAssembly (321ms)
			ExecutionOrderSort (0ms)
			DisableScriptedObjects (8ms)
			BackupInstance (0ms)
			ReleaseScriptingObjects (0ms)
			CreateAndSetChildDomain (89ms)
		EndReloadAssembly (1524ms)
			LoadAssemblies (197ms)
			RebuildTransferFunctionScriptingTraits (0ms)
			SetupTypeCache (408ms)
			ReleaseScriptCaches (2ms)
			RebuildScriptCaches (44ms)
			SetupLoadedEditorAssemblies (939ms)
				LogAssemblyErrors (0ms)
				InitializePlatformSupportModulesInManaged (7ms)
				SetLoadedEditorAssemblies (0ms)
				RefreshPlugins (1ms)
				BeforeProcessingInitializeOnLoad (75ms)
				ProcessInitializeOnLoadAttributes (802ms)
				ProcessInitializeOnLoadMethodAttributes (46ms)
				AfterProcessingInitializeOnLoad (6ms)
				EditorAssembliesLoaded (0ms)
			ExecutionOrderSort2 (0ms)
			AwakeInstancesAfterBackupRestoration (6ms)
Platform modules already initialized, skipping
Refreshing native plugins compatible for Editor in 1.05 ms, found 3 plugins.
Preloading 0 native plugins for Editor in 0.00 ms.
Unloading 5449 Unused Serialized files (Serialized files now loaded: 0)
Unloading 42 unused Assets / (2.1 MB). Loaded Objects now: 6095.
Memory consumption went from 236.5 MB to 234.4 MB.
Total: 4.894100 ms (FindLiveObjects: 0.452500 ms CreateObjectMapping: 0.303800 ms MarkObjects: 3.871700 ms  DeleteObjects: 0.265100 ms)

AssetImportParameters requested are different than current active one (requested -> active):
  custom:video-decoder-ogg-theora: a1e56fd34408186e4bbccfd4996cb3dc -> 
  custom:container-muxer-webm: aa71ff27fc2769a1b78a27578f13a17b -> 
  custom:container-demuxer-webm: 4f35f7cbe854078d1ac9338744f61a02 -> 
  custom:video-encoder-webm-vp8: eb34c28f22e8b96e1ab97ce403110664 -> 
  custom:CustomObjectIndexerAttribute: f67f22312cbe972f2da930a377ed3d15 -> 
  custom:audio-encoder-webm-vorbis: bf7c407c2cedff20999df2af8eb42d56 -> 
  custom:framework-win-MediaFoundation: 216162199b28c13a410421893ffa2e32 -> 
  custom:SearchIndexIgnoredProperties: e643bd26f0fe6173181afceb89e7c659 -> 
  custom:container-demuxer-ogg: 62fdf1f143b41e24485cea50d1cbac27 -> 
  custom:video-decoder-webm-vp8: 9c59270c3fd7afecdb556c50c9e8de78 -> 
  custom:audio-decoder-ogg-vorbis: bf7c407c2cedff20999df2af8eb42d56 -> 
========================================================================
Received Import Request.
  Time since last request: 110.017739 seconds.
  path: Assets/Rowlan/Terrain/Stamps/Examples/Brushes/Alien World - Voronian 03.brush
  artifactKey: Guid(63f2d93741c57c245a5f7ba7eb747bb3) Importer(815301076,1909f56bfc062723c751e8b465ee728b)
Number of updated assets reloaded before import = 0
Start importing Assets/Rowlan/Terrain/Stamps/Examples/Brushes/Alien World - Voronian 03.brush using Guid(63f2d93741c57c245a5f7ba7eb747bb3) Importer(815301076,1909f56bfc062723c751e8b465ee728b)  -> (artifact id: '38e707ccf0265989f4c6e2ef6b963b5b') in 0.210059 seconds 
Number of asset objects unloaded after import = 1
========================================================================
Received Import Request.
  Time since last request: 0.000067 seconds.
  path: Assets/Rowlan/Terrain/Stamps/Examples/Brushes/Dunes 06.brush
  artifactKey: Guid(fab4e192a6d83db4b8d952e264f10882) Importer(815301076,1909f56bfc062723c751e8b465ee728b)
Number of updated assets reloaded before import = 0
Start importing Assets/Rowlan/Terrain/Stamps/Examples/Brushes/Dunes 06.brush using Guid(fab4e192a6d83db4b8d952e264f10882) Importer(815301076,1909f56bfc062723c751e8b465ee728b)  -> (artifact id: '282d8d38994269c11fdb3cdcb559753f') in 0.062744 seconds 
Number of asset objects unloaded after import = 1
========================================================================
Received Import Request.
  Time since last request: 0.000056 seconds.
  path: Assets/Rowlan/Terrain/Stamps/Examples/Brushes/Highlands 02.brush
  artifactKey: Guid(9f568ca75e301564caf16c6ba5ef9f77) Importer(815301076,1909f56bfc062723c751e8b465ee728b)
Number of updated assets reloaded before import = 0
Start importing Assets/Rowlan/Terrain/Stamps/Examples/Brushes/Highlands 02.brush using Guid(9f568ca75e301564caf16c6ba5ef9f77) Importer(815301076,1909f56bfc062723c751e8b465ee728b)  -> (artifact id: '1145cab7045e78f6712d0b6feb01ece3') in 0.040274 seconds 
Number of asset objects unloaded after import = 1
========================================================================
Received Import Request.
  Time since last request: 0.000034 seconds.
  path: Assets/Rowlan/Terrain/Stamps/Examples/Brushes/Layered Rocks 09.brush
  artifactKey: Guid(98a2540547cafe74c983f54fd3413ac6) Importer(815301076,1909f56bfc062723c751e8b465ee728b)
Number of updated assets reloaded before import = 0
Start importing Assets/Rowlan/Terrain/Stamps/Examples/Brushes/Layered Rocks 09.brush using Guid(98a2540547cafe74c983f54fd3413ac6) Importer(815301076,1909f56bfc062723c751e8b465ee728b)  -> (artifact id: '49d150627ddd4c4c2a11bba3932744fb') in 0.012112 seconds 
Number of asset objects unloaded after import = 1
========================================================================
Received Import Request.
  Time since last request: 0.000019 seconds.
  path: Assets/Rowlan/Terrain/Stamps/Examples/Brushes/Impact 14.brush
  artifactKey: Guid(0ddd9a63b11a3d646ace633973471ec1) Importer(815301076,1909f56bfc062723c751e8b465ee728b)
Number of updated assets reloaded before import = 0
Start importing Assets/Rowlan/Terrain/Stamps/Examples/Brushes/Impact 14.brush using Guid(0ddd9a63b11a3d646ace633973471ec1) Importer(815301076,1909f56bfc062723c751e8b465ee728b)  -> (artifact id: '751b5b490e7c5b388b61f075c4dbcddb') in 0.022320 seconds 
Number of asset objects unloaded after import = 1
========================================================================
Received Import Request.
  Time since last request: 0.000025 seconds.
  path: Assets/Rowlan/Terrain/Stamps/Examples/Brushes/Jungle Rivers 03.brush
  artifactKey: Guid(d23ab4e2e92544d4fb42c846c60486d9) Importer(815301076,1909f56bfc062723c751e8b465ee728b)
Number of updated assets reloaded before import = 0
Start importing Assets/Rowlan/Terrain/Stamps/Examples/Brushes/Jungle Rivers 03.brush using Guid(d23ab4e2e92544d4fb42c846c60486d9) Importer(815301076,1909f56bfc062723c751e8b465ee728b)  -> (artifact id: '8c91454943a69de2447752d135163877') in 0.049356 seconds 
Number of asset objects unloaded after import = 1
========================================================================
Received Import Request.
  Time since last request: 0.000035 seconds.
  path: Assets/Rowlan/Terrain/Stamps/Examples/Brushes/Islands Volcano 02.brush
  artifactKey: Guid(c9fe75c5d519c6640ac905a5f32ab53a) Importer(815301076,1909f56bfc062723c751e8b465ee728b)
Number of updated assets reloaded before import = 0
Start importing Assets/Rowlan/Terrain/Stamps/Examples/Brushes/Islands Volcano 02.brush using Guid(c9fe75c5d519c6640ac905a5f32ab53a) Importer(815301076,1909f56bfc062723c751e8b465ee728b)  -> (artifact id: 'df63fdb6d79ffa10d99720ec1a997e35') in 0.017639 seconds 
Number of asset objects unloaded after import = 1
========================================================================
Received Import Request.
  Time since last request: 0.000026 seconds.
  path: Assets/Rowlan/Terrain/Stamps/Examples/Brushes/Dover Cliffs 06.brush
  artifactKey: Guid(2e21e48ec58838e419aae8b0dd42e7e5) Importer(815301076,1909f56bfc062723c751e8b465ee728b)
Number of updated assets reloaded before import = 0
Start importing Assets/Rowlan/Terrain/Stamps/Examples/Brushes/Dover Cliffs 06.brush using Guid(2e21e48ec58838e419aae8b0dd42e7e5) Importer(815301076,1909f56bfc062723c751e8b465ee728b)  -> (artifact id: '65f4f2ebe5006f5d9846a94bfa47407a') in 0.019901 seconds 
Number of asset objects unloaded after import = 1
========================================================================
Received Import Request.
  Time since last request: 0.000033 seconds.
  path: Assets/Rowlan/Terrain/Stamps/Examples/Brushes/Rocky Desert 01.brush
  artifactKey: Guid(bd1db711db60bfb429677c78538b836a) Importer(815301076,1909f56bfc062723c751e8b465ee728b)
Number of updated assets reloaded before import = 0
Start importing Assets/Rowlan/Terrain/Stamps/Examples/Brushes/Rocky Desert 01.brush using Guid(bd1db711db60bfb429677c78538b836a) Importer(815301076,1909f56bfc062723c751e8b465ee728b)  -> (artifact id: 'e6101a818f87700eb2baef45562b12fe') in 0.018735 seconds 
Number of asset objects unloaded after import = 1
========================================================================
Received Import Request.
  Time since last request: 0.000027 seconds.
  path: Assets/Rowlan/Terrain/Stamps/Examples/Brushes/Rocky Desert 12.brush
  artifactKey: Guid(a709125bc3486f34dafe60145577623a) Importer(815301076,1909f56bfc062723c751e8b465ee728b)
Number of updated assets reloaded before import = 0
Start importing Assets/Rowlan/Terrain/Stamps/Examples/Brushes/Rocky Desert 12.brush using Guid(a709125bc3486f34dafe60145577623a) Importer(815301076,1909f56bfc062723c751e8b465ee728b)  -> (artifact id: '8bd10899d299418431acd109d10dd1d3') in 0.026965 seconds 
Number of asset objects unloaded after import = 1
========================================================================
Received Import Request.
  Time since last request: 0.000025 seconds.
  path: Assets/Rowlan/Terrain/Stamps/Examples/Brushes/Pride Rocks 02.brush
  artifactKey: Guid(9fa2c86bfa97a5649ae5c9441f7d939c) Importer(815301076,1909f56bfc062723c751e8b465ee728b)
Number of updated assets reloaded before import = 0
Start importing Assets/Rowlan/Terrain/Stamps/Examples/Brushes/Pride Rocks 02.brush using Guid(9fa2c86bfa97a5649ae5c9441f7d939c) Importer(815301076,1909f56bfc062723c751e8b465ee728b)  -> (artifact id: 'e9597ff7cc17a1651c863c036890d96d') in 0.026717 seconds 
Number of asset objects unloaded after import = 1
========================================================================
Received Import Request.
  Time since last request: 0.000034 seconds.
  path: Assets/Rowlan/Terrain/Stamps/Examples/Brushes/Rock Shapes 22.brush
  artifactKey: Guid(8fd38bc861f9606448993fa834e40faa) Importer(815301076,1909f56bfc062723c751e8b465ee728b)
Number of updated assets reloaded before import = 0
Start importing Assets/Rowlan/Terrain/Stamps/Examples/Brushes/Rock Shapes 22.brush using Guid(8fd38bc861f9606448993fa834e40faa) Importer(815301076,1909f56bfc062723c751e8b465ee728b)  -> (artifact id: '7442f2fe1be037c84c99779f18592372') in 0.016962 seconds 
Number of asset objects unloaded after import = 1
========================================================================
Received Import Request.
  Time since last request: 0.000040 seconds.
  path: Assets/Rowlan/Terrain/Stamps/Examples/Brushes/Plateau Lanes 03.brush
  artifactKey: Guid(e9531de9da45e1f49ad6e188cd0ee582) Importer(815301076,1909f56bfc062723c751e8b465ee728b)
Number of updated assets reloaded before import = 0
Start importing Assets/Rowlan/Terrain/Stamps/Examples/Brushes/Plateau Lanes 03.brush using Guid(e9531de9da45e1f49ad6e188cd0ee582) Importer(815301076,1909f56bfc062723c751e8b465ee728b)  -> (artifact id: 'e65de2dec79502b075065d3649ca7e8e') in 0.018859 seconds 
Number of asset objects unloaded after import = 1
========================================================================
Received Import Request.
  Time since last request: 0.000027 seconds.
  path: Assets/Rowlan/Terrain/Stamps/Examples/Brushes/Pride Rocks 01.brush
  artifactKey: Guid(c4a69e15d9176124a9fc10d9a307a614) Importer(815301076,1909f56bfc062723c751e8b465ee728b)
Number of updated assets reloaded before import = 0
Start importing Assets/Rowlan/Terrain/Stamps/Examples/Brushes/Pride Rocks 01.brush using Guid(c4a69e15d9176124a9fc10d9a307a614) Importer(815301076,1909f56bfc062723c751e8b465ee728b)  -> (artifact id: '644be9fd9d6ecd2d53cd2effc7b72da6') in 0.029802 seconds 
Number of asset objects unloaded after import = 1
========================================================================
Received Import Request.
  Time since last request: 0.000033 seconds.
  path: Assets/Rowlan/Terrain/Stamps/Examples/Brushes/Pride Rocks 11.brush
  artifactKey: Guid(9484af893c34ba94e96f55a652e0188a) Importer(815301076,1909f56bfc062723c751e8b465ee728b)
Number of updated assets reloaded before import = 0
Start importing Assets/Rowlan/Terrain/Stamps/Examples/Brushes/Pride Rocks 11.brush using Guid(9484af893c34ba94e96f55a652e0188a) Importer(815301076,1909f56bfc062723c751e8b465ee728b)  -> (artifact id: '947641d57d53268454f388316d550f0a') in 0.012691 seconds 
Number of asset objects unloaded after import = 1
Editor requested this worker to shutdown with reason: Scaling down because of idle timeout
AssetImportWorker is now disconnected from the server
Process exiting
Exiting without the bug reporter. Application will terminate with return code 0