Using pre-set license
Built from '2021.3/staging' branch; Version is '2021.3.36f1 (7a0645017be0) revision 7996997'; Using compiler version '192829333'; Build Type 'Release'
OS: 'Windows 11  (10.0.22631) 64bit CoreSingleLanguage' Language: 'en' Physical Memory: 16084 MB
BatchMode: 1, IsHumanControllingUs: 0, StartBugReporterOnCrash: 0, Is64bit: 1, IsPro: 1

COMMAND LINE ARGUMENTS:
C:\Program Files\Unity\Hub\Editor\2021.3.36f1\Editor\Unity.exe
-adb2
-batchMode
-noUpm
-name
AssetImportWorker15
-projectPath
C:/Users/miche/Downloads/Game Engineering/Progress UAS Game Eng
-logFile
Logs/AssetImportWorker15.log
-srvPort
52335
Successfully changed project path to: C:/Users/miche/Downloads/Game Engineering/Progress UAS Game Eng
C:/Users/miche/Downloads/Game Engineering/Progress UAS Game Eng
[UnityMemory] Configuration Parameters - Can be set up in boot.config
    "memorysetup-bucket-allocator-granularity=16"
    "memorysetup-bucket-allocator-bucket-count=8"
    "memorysetup-bucket-allocator-block-size=33554432"
    "memorysetup-bucket-allocator-block-count=8"
    "memorysetup-main-allocator-block-size=16777216"
    "memorysetup-thread-allocator-block-size=16777216"
    "memorysetup-gfx-main-allocator-block-size=16777216"
    "memorysetup-gfx-thread-allocator-block-size=16777216"
    "memorysetup-cache-allocator-block-size=4194304"
    "memorysetup-typetree-allocator-block-size=2097152"
    "memorysetup-profiler-bucket-allocator-granularity=16"
    "memorysetup-profiler-bucket-allocator-bucket-count=8"
    "memorysetup-profiler-bucket-allocator-block-size=33554432"
    "memorysetup-profiler-bucket-allocator-block-count=8"
    "memorysetup-profiler-allocator-block-size=16777216"
    "memorysetup-profiler-editor-allocator-block-size=1048576"
    "memorysetup-temp-allocator-size-main=16777216"
    "memorysetup-job-temp-allocator-block-size=2097152"
    "memorysetup-job-temp-allocator-block-size-background=1048576"
    "memorysetup-job-temp-allocator-reduction-small-platforms=262144"
    "memorysetup-temp-allocator-size-background-worker=32768"
    "memorysetup-temp-allocator-size-job-worker=262144"
    "memorysetup-temp-allocator-size-preload-manager=33554432"
    "memorysetup-temp-allocator-size-nav-mesh-worker=65536"
    "memorysetup-temp-allocator-size-audio-worker=65536"
    "memorysetup-temp-allocator-size-cloud-worker=32768"
    "memorysetup-temp-allocator-size-gi-baking-worker=262144"
    "memorysetup-temp-allocator-size-gfx=262144"
Player connection [20212] Host "[IP] 192.168.56.1 [Port] 0 [Flags] 2 [Guid] 2553801709 [EditorId] 2553801709 [Version] 1048832 [Id] WindowsEditor(7,MSI) [Debug] 1 [PackageName] WindowsEditor [ProjectName] Editor" joined multi-casting on [225.0.0.222:54997]...

Player connection [20212] Host "[IP] 192.168.56.1 [Port] 0 [Flags] 2 [Guid] 2553801709 [EditorId] 2553801709 [Version] 1048832 [Id] WindowsEditor(7,MSI) [Debug] 1 [PackageName] WindowsEditor [ProjectName] Editor" joined alternative multi-casting on [225.0.0.222:34997]...

[Physics::Module] Initialized MultithreadedJobDispatcher with {0} workers.
Refreshing native plugins compatible for Editor in 198.38 ms, found 3 plugins.
Preloading 0 native plugins for Editor in 0.00 ms.
Initialize engine version: 2021.3.36f1 (7a0645017be0)
[Subsystems] Discovering subsystems at path C:/Program Files/Unity/Hub/Editor/2021.3.36f1/Editor/Data/Resources/UnitySubsystems
[Subsystems] Discovering subsystems at path C:/Users/miche/Downloads/Game Engineering/Progress UAS Game Eng/Assets
GfxDevice: creating device client; threaded=0; jobified=0
Direct3D:
    Version:  Direct3D 11.0 [level 11.1]
    Renderer: Intel(R) Iris(R) Xe Graphics (ID=0x46a6)
    Vendor:   Intel
    VRAM:     8042 MB
    Driver:   30.0.101.2079
Initialize mono
Mono path[0] = 'C:/Program Files/Unity/Hub/Editor/2021.3.36f1/Editor/Data/Managed'
Mono path[1] = 'C:/Program Files/Unity/Hub/Editor/2021.3.36f1/Editor/Data/MonoBleedingEdge/lib/mono/unityjit-win32'
Mono config path = 'C:/Program Files/Unity/Hub/Editor/2021.3.36f1/Editor/Data/MonoBleedingEdge/etc'
Using monoOptions --debugger-agent=transport=dt_socket,embedding=1,server=y,suspend=n,address=127.0.0.1:56044
Begin MonoManager ReloadAssembly
Registering precompiled unity dll's ...
Register platform support module: C:/Program Files/Unity/Hub/Editor/2021.3.36f1/Editor/Data/PlaybackEngines/WebGLSupport/UnityEditor.WebGL.Extensions.dll
Register platform support module: C:/Program Files/Unity/Hub/Editor/2021.3.36f1/Editor/Data/PlaybackEngines/WindowsStandaloneSupport/UnityEditor.WindowsStandalone.Extensions.dll
Registered in 0.016940 seconds.
Native extension for WindowsStandalone target not found
Native extension for WebGL target not found
Refreshing native plugins compatible for Editor in 111.36 ms, found 3 plugins.
Preloading 0 native plugins for Editor in 0.00 ms.
Mono: successfully reloaded assembly
- Completed reload, in  0.897 seconds
Domain Reload Profiling:
	ReloadAssembly (897ms)
		BeginReloadAssembly (182ms)
			ExecutionOrderSort (0ms)
			DisableScriptedObjects (0ms)
			BackupInstance (0ms)
			ReleaseScriptingObjects (0ms)
			CreateAndSetChildDomain (1ms)
		EndReloadAssembly (549ms)
			LoadAssemblies (178ms)
			RebuildTransferFunctionScriptingTraits (0ms)
			SetupTypeCache (181ms)
			ReleaseScriptCaches (0ms)
			RebuildScriptCaches (29ms)
			SetupLoadedEditorAssemblies (294ms)
				LogAssemblyErrors (0ms)
				InitializePlatformSupportModulesInManaged (8ms)
				SetLoadedEditorAssemblies (0ms)
				RefreshPlugins (111ms)
				BeforeProcessingInitializeOnLoad (1ms)
				ProcessInitializeOnLoadAttributes (131ms)
				ProcessInitializeOnLoadMethodAttributes (41ms)
				AfterProcessingInitializeOnLoad (0ms)
				EditorAssembliesLoaded (0ms)
			ExecutionOrderSort2 (0ms)
			AwakeInstancesAfterBackupRestoration (0ms)
Platform modules already initialized, skipping
Registering precompiled user dll's ...
Registered in 0.011140 seconds.
Begin MonoManager ReloadAssembly
Native extension for WindowsStandalone target not found
Native extension for WebGL target not found
Refreshing native plugins compatible for Editor in 102.68 ms, found 3 plugins.
Preloading 0 native plugins for Editor in 0.00 ms.
Package Manager log level set to [2]
[Package Manager] Server::EnsureServerProcessIsRunning -- launch failed, reason: Unity was launched with the -noUpm command-line argument
[Package Manager] Cannot connect to Unity Package Manager local server
Mono: successfully reloaded assembly
- Completed reload, in  2.156 seconds
Domain Reload Profiling:
	ReloadAssembly (2157ms)
		BeginReloadAssembly (164ms)
			ExecutionOrderSort (0ms)
			DisableScriptedObjects (5ms)
			BackupInstance (0ms)
			ReleaseScriptingObjects (0ms)
			CreateAndSetChildDomain (19ms)
		EndReloadAssembly (1808ms)
			LoadAssemblies (230ms)
			RebuildTransferFunctionScriptingTraits (0ms)
			SetupTypeCache (331ms)
			ReleaseScriptCaches (1ms)
			RebuildScriptCaches (58ms)
			SetupLoadedEditorAssemblies (1196ms)
				LogAssemblyErrors (0ms)
				InitializePlatformSupportModulesInManaged (4ms)
				SetLoadedEditorAssemblies (0ms)
				RefreshPlugins (103ms)
				BeforeProcessingInitializeOnLoad (97ms)
				ProcessInitializeOnLoadAttributes (934ms)
				ProcessInitializeOnLoadMethodAttributes (52ms)
				AfterProcessingInitializeOnLoad (6ms)
				EditorAssembliesLoaded (0ms)
			ExecutionOrderSort2 (0ms)
			AwakeInstancesAfterBackupRestoration (5ms)
Platform modules already initialized, skipping
========================================================================
Worker process is ready to serve import requests
Launched and connected shader compiler UnityShaderCompiler.exe after 0.07 seconds
Refreshing native plugins compatible for Editor in 0.83 ms, found 3 plugins.
Preloading 0 native plugins for Editor in 0.00 ms.
Unloading 5627 Unused Serialized files (Serialized files now loaded: 0)
Unloading 60 unused Assets / (2.1 MB). Loaded Objects now: 6077.
Memory consumption went from 250.7 MB to 248.6 MB.
Total: 4.893400 ms (FindLiveObjects: 0.355900 ms CreateObjectMapping: 0.243800 ms MarkObjects: 3.894700 ms  DeleteObjects: 0.398000 ms)

AssetImportParameters requested are different than current active one (requested -> active):
  custom:video-decoder-ogg-theora: a1e56fd34408186e4bbccfd4996cb3dc -> 
  custom:container-muxer-webm: aa71ff27fc2769a1b78a27578f13a17b -> 
  custom:container-demuxer-webm: 4f35f7cbe854078d1ac9338744f61a02 -> 
  custom:video-encoder-webm-vp8: eb34c28f22e8b96e1ab97ce403110664 -> 
  custom:CustomObjectIndexerAttribute: f67f22312cbe972f2da930a377ed3d15 -> 
  custom:audio-encoder-webm-vorbis: bf7c407c2cedff20999df2af8eb42d56 -> 
  custom:framework-win-MediaFoundation: 216162199b28c13a410421893ffa2e32 -> 
  custom:SearchIndexIgnoredProperties: e643bd26f0fe6173181afceb89e7c659 -> 
  custom:container-demuxer-ogg: 62fdf1f143b41e24485cea50d1cbac27 -> 
  custom:video-decoder-webm-vp8: 9c59270c3fd7afecdb556c50c9e8de78 -> 
  custom:audio-decoder-ogg-vorbis: bf7c407c2cedff20999df2af8eb42d56 -> 
========================================================================
Received Import Request.
  Time since last request: 859488.500735 seconds.
  path: Assets/Rowlan/Terrain/Stamps/Examples/Heightmaps/Rugged Rocks 20.png
  artifactKey: Guid(c89af6e2cbc10b544a4ab681596ed796) Importer(815301076,1909f56bfc062723c751e8b465ee728b)
Number of updated assets reloaded before import = 0
Start importing Assets/Rowlan/Terrain/Stamps/Examples/Heightmaps/Rugged Rocks 20.png using Guid(c89af6e2cbc10b544a4ab681596ed796) Importer(815301076,1909f56bfc062723c751e8b465ee728b)  -> (artifact id: '8ecfc43eac0cccb21e6405bec6e9ba98') in 0.220659 seconds 
Number of asset objects unloaded after import = 2
========================================================================
Received Import Request.
  Time since last request: 2.311864 seconds.
  path: Assets/Rowlan/Terrain/Stamps/Examples/Heightmaps/Rugged Sedimented Rocks 08.png
  artifactKey: Guid(67db62e931a50534dbf9057bc400e718) Importer(815301076,1909f56bfc062723c751e8b465ee728b)
Number of updated assets reloaded before import = 0
Start importing Assets/Rowlan/Terrain/Stamps/Examples/Heightmaps/Rugged Sedimented Rocks 08.png using Guid(67db62e931a50534dbf9057bc400e718) Importer(815301076,1909f56bfc062723c751e8b465ee728b)  -> (artifact id: '917427facd0930739bf589c523d9326a') in 0.183917 seconds 
Number of asset objects unloaded after import = 2
========================================================================
Received Import Request.
  Time since last request: 0.000060 seconds.
  path: Assets/Rowlan/Terrain/Stamps/Examples/Heightmaps/Stranger Lands 02.png
  artifactKey: Guid(75d6f141ccee0074ba2e5c97553bef91) Importer(815301076,1909f56bfc062723c751e8b465ee728b)
Number of updated assets reloaded before import = 0
Start importing Assets/Rowlan/Terrain/Stamps/Examples/Heightmaps/Stranger Lands 02.png using Guid(75d6f141ccee0074ba2e5c97553bef91) Importer(815301076,1909f56bfc062723c751e8b465ee728b)  -> (artifact id: 'c1deeade87b18f727670f1500f0f5219') in 0.160975 seconds 
Number of asset objects unloaded after import = 2
========================================================================
Received Import Request.
  Time since last request: 0.000046 seconds.
  path: Assets/Rowlan/Terrain/Stamps/Examples/Heightmaps/Terraced Cliffs 01.png
  artifactKey: Guid(164d413322cfc814c8bfc4d697fa49df) Importer(815301076,1909f56bfc062723c751e8b465ee728b)
Number of updated assets reloaded before import = 0
Start importing Assets/Rowlan/Terrain/Stamps/Examples/Heightmaps/Terraced Cliffs 01.png using Guid(164d413322cfc814c8bfc4d697fa49df) Importer(815301076,1909f56bfc062723c751e8b465ee728b)  -> (artifact id: 'f836ba129b5ba212945d86cb70d0f817') in 0.229138 seconds 
Number of asset objects unloaded after import = 2
========================================================================
Received Import Request.
  Time since last request: 0.000029 seconds.
  path: Assets/Rowlan/Terrain/Stamps/Examples/Heightmaps/Terraced Cliffs 06.png
  artifactKey: Guid(ab1ea7de3b614e84fa311f2b63ea02c7) Importer(815301076,1909f56bfc062723c751e8b465ee728b)
Number of updated assets reloaded before import = 0
Start importing Assets/Rowlan/Terrain/Stamps/Examples/Heightmaps/Terraced Cliffs 06.png using Guid(ab1ea7de3b614e84fa311f2b63ea02c7) Importer(815301076,1909f56bfc062723c751e8b465ee728b)  -> (artifact id: '2b0dd708e16bcc7a9d5270302754039a') in 0.169643 seconds 
Number of asset objects unloaded after import = 2
========================================================================
Received Import Request.
  Time since last request: 0.000061 seconds.
  path: Assets/Rowlan/Terrain/Stamps/Examples/Heightmaps/Volcano 10.png
  artifactKey: Guid(b27b3ee6c4c24064292d616202587161) Importer(815301076,1909f56bfc062723c751e8b465ee728b)
Number of updated assets reloaded before import = 0
Start importing Assets/Rowlan/Terrain/Stamps/Examples/Heightmaps/Volcano 10.png using Guid(b27b3ee6c4c24064292d616202587161) Importer(815301076,1909f56bfc062723c751e8b465ee728b)  -> (artifact id: 'a91b25b61b91cbde4aabeb9d8374db00') in 0.146480 seconds 
Number of asset objects unloaded after import = 2
========================================================================
Received Import Request.
  Time since last request: 123.809704 seconds.
  path: Assets/Sci-Fi UI/Demo_Assets
  artifactKey: Guid(ff7d801fa96308741bce240131b16a0d) Importer(815301076,1909f56bfc062723c751e8b465ee728b)
Number of updated assets reloaded before import = 0
Start importing Assets/Sci-Fi UI/Demo_Assets using Guid(ff7d801fa96308741bce240131b16a0d) Importer(815301076,1909f56bfc062723c751e8b465ee728b)  -> (artifact id: 'fded252222d051d7f475816a629af9e1') in 0.026315 seconds 
Number of asset objects unloaded after import = 0
========================================================================
Received Import Request.
  Time since last request: 2.542516 seconds.
  path: Assets/Sci-Fi UI/_SciFi_GUISkin_/atlas.png
  artifactKey: Guid(56d84991286850f428b4e7df0cca7380) Importer(815301076,1909f56bfc062723c751e8b465ee728b)
Number of updated assets reloaded before import = 0
Start importing Assets/Sci-Fi UI/_SciFi_GUISkin_/atlas.png using Guid(56d84991286850f428b4e7df0cca7380) Importer(815301076,1909f56bfc062723c751e8b465ee728b)  -> (artifact id: '042ce08fbfbce3037da809bffaff79c4') in 0.344016 seconds 
Number of asset objects unloaded after import = 34
========================================================================
Received Prepare
Registering precompiled user dll's ...
Registered in 0.006117 seconds.
Begin MonoManager ReloadAssembly
Native extension for WindowsStandalone target not found
Native extension for WebGL target not found
Refreshing native plugins compatible for Editor in 1.01 ms, found 3 plugins.
Preloading 0 native plugins for Editor in 0.00 ms.
[Package Manager] Server::EnsureServerProcessIsRunning -- launch failed, reason: Unity was launched with the -noUpm command-line argument
[Package Manager] Cannot connect to Unity Package Manager local server
Mono: successfully reloaded assembly
- Completed reload, in  2.020 seconds
Domain Reload Profiling:
	ReloadAssembly (2021ms)
		BeginReloadAssembly (325ms)
			ExecutionOrderSort (0ms)
			DisableScriptedObjects (8ms)
			BackupInstance (0ms)
			ReleaseScriptingObjects (0ms)
			CreateAndSetChildDomain (89ms)
		EndReloadAssembly (1510ms)
			LoadAssemblies (191ms)
			RebuildTransferFunctionScriptingTraits (0ms)
			SetupTypeCache (404ms)
			ReleaseScriptCaches (2ms)
			RebuildScriptCaches (44ms)
			SetupLoadedEditorAssemblies (935ms)
				LogAssemblyErrors (0ms)
				InitializePlatformSupportModulesInManaged (7ms)
				SetLoadedEditorAssemblies (0ms)
				RefreshPlugins (1ms)
				BeforeProcessingInitializeOnLoad (75ms)
				ProcessInitializeOnLoadAttributes (799ms)
				ProcessInitializeOnLoadMethodAttributes (46ms)
				AfterProcessingInitializeOnLoad (6ms)
				EditorAssembliesLoaded (0ms)
			ExecutionOrderSort2 (0ms)
			AwakeInstancesAfterBackupRestoration (6ms)
Platform modules already initialized, skipping
Refreshing native plugins compatible for Editor in 0.92 ms, found 3 plugins.
Preloading 0 native plugins for Editor in 0.00 ms.
Unloading 5449 Unused Serialized files (Serialized files now loaded: 0)
Unloading 42 unused Assets / (2.1 MB). Loaded Objects now: 6149.
Memory consumption went from 240.8 MB to 238.7 MB.
Total: 3.781400 ms (FindLiveObjects: 0.374900 ms CreateObjectMapping: 0.218300 ms MarkObjects: 2.934400 ms  DeleteObjects: 0.252500 ms)

AssetImportParameters requested are different than current active one (requested -> active):
  custom:video-decoder-ogg-theora: a1e56fd34408186e4bbccfd4996cb3dc -> 
  custom:container-muxer-webm: aa71ff27fc2769a1b78a27578f13a17b -> 
  custom:container-demuxer-webm: 4f35f7cbe854078d1ac9338744f61a02 -> 
  custom:video-encoder-webm-vp8: eb34c28f22e8b96e1ab97ce403110664 -> 
  custom:CustomObjectIndexerAttribute: f67f22312cbe972f2da930a377ed3d15 -> 
  custom:audio-encoder-webm-vorbis: bf7c407c2cedff20999df2af8eb42d56 -> 
  custom:framework-win-MediaFoundation: 216162199b28c13a410421893ffa2e32 -> 
  custom:SearchIndexIgnoredProperties: e643bd26f0fe6173181afceb89e7c659 -> 
  custom:container-demuxer-ogg: 62fdf1f143b41e24485cea50d1cbac27 -> 
  custom:video-decoder-webm-vp8: 9c59270c3fd7afecdb556c50c9e8de78 -> 
  custom:audio-decoder-ogg-vorbis: bf7c407c2cedff20999df2af8eb42d56 -> 
========================================================================
Received Import Request.
  Time since last request: 109.783689 seconds.
  path: Assets/Rowlan/Terrain/Stamps/Examples/Brushes/Alien World - Bobble 02.brush
  artifactKey: Guid(8a120d76cbbc8d64d954a86bdb3fb697) Importer(815301076,1909f56bfc062723c751e8b465ee728b)
Number of updated assets reloaded before import = 0
Start importing Assets/Rowlan/Terrain/Stamps/Examples/Brushes/Alien World - Bobble 02.brush using Guid(8a120d76cbbc8d64d954a86bdb3fb697) Importer(815301076,1909f56bfc062723c751e8b465ee728b)  -> (artifact id: '218402f7a5db18250fbeb5d41908e958') in 0.196859 seconds 
Number of asset objects unloaded after import = 1
========================================================================
Received Import Request.
  Time since last request: 0.000020 seconds.
  path: Assets/Rowlan/Terrain/Stamps/Examples/Brushes/Layered Rocks 15.brush
  artifactKey: Guid(e20dbf7e6795c6a4493963e694b77360) Importer(815301076,1909f56bfc062723c751e8b465ee728b)
Number of updated assets reloaded before import = 0
Start importing Assets/Rowlan/Terrain/Stamps/Examples/Brushes/Layered Rocks 15.brush using Guid(e20dbf7e6795c6a4493963e694b77360) Importer(815301076,1909f56bfc062723c751e8b465ee728b)  -> (artifact id: '6bc30a1cf063837cfaddb071a1c24440') in 0.024939 seconds 
Number of asset objects unloaded after import = 1
========================================================================
Received Import Request.
  Time since last request: 0.000039 seconds.
  path: Assets/Rowlan/Terrain/Stamps/Examples/Brushes/Dune Shapes 10.brush
  artifactKey: Guid(95461c02b12b98d4c8f61ceac3318f1e) Importer(815301076,1909f56bfc062723c751e8b465ee728b)
Number of updated assets reloaded before import = 0
Start importing Assets/Rowlan/Terrain/Stamps/Examples/Brushes/Dune Shapes 10.brush using Guid(95461c02b12b98d4c8f61ceac3318f1e) Importer(815301076,1909f56bfc062723c751e8b465ee728b)  -> (artifact id: '346d58bac970198fe6181b68fae49275') in 0.044872 seconds 
Number of asset objects unloaded after import = 1
========================================================================
Received Import Request.
  Time since last request: 0.000018 seconds.
  path: Assets/Rowlan/Terrain/Stamps/Examples/Brushes/Meadows 04.brush
  artifactKey: Guid(d0e186dd0e3f0044d966a4c6e3a28a8e) Importer(815301076,1909f56bfc062723c751e8b465ee728b)
Number of updated assets reloaded before import = 0
Start importing Assets/Rowlan/Terrain/Stamps/Examples/Brushes/Meadows 04.brush using Guid(d0e186dd0e3f0044d966a4c6e3a28a8e) Importer(815301076,1909f56bfc062723c751e8b465ee728b)  -> (artifact id: '6e956b9cf4ce36b310d3e410f99c8376') in 0.018709 seconds 
Number of asset objects unloaded after import = 1
========================================================================
Received Import Request.
  Time since last request: 0.000024 seconds.
  path: Assets/Rowlan/Terrain/Stamps/Examples/Brushes/Rocky Plateaus 01.brush
  artifactKey: Guid(80108f6a6acd07842ab20673f7c47bae) Importer(815301076,1909f56bfc062723c751e8b465ee728b)
Number of updated assets reloaded before import = 0
Start importing Assets/Rowlan/Terrain/Stamps/Examples/Brushes/Rocky Plateaus 01.brush using Guid(80108f6a6acd07842ab20673f7c47bae) Importer(815301076,1909f56bfc062723c751e8b465ee728b)  -> (artifact id: 'c201da70b6a84fdf4dbdb3d10dce3220') in 0.016536 seconds 
Number of asset objects unloaded after import = 1
========================================================================
Received Import Request.
  Time since last request: 0.000023 seconds.
  path: Assets/Rowlan/Terrain/Stamps/Examples/Brushes/Dunes 04.brush
  artifactKey: Guid(97457b6e397adef45b059a05b8d33729) Importer(815301076,1909f56bfc062723c751e8b465ee728b)
Number of updated assets reloaded before import = 0
Start importing Assets/Rowlan/Terrain/Stamps/Examples/Brushes/Dunes 04.brush using Guid(97457b6e397adef45b059a05b8d33729) Importer(815301076,1909f56bfc062723c751e8b465ee728b)  -> (artifact id: 'd6e8b7fb1239830299a539c9af59da5e') in 0.009821 seconds 
Number of asset objects unloaded after import = 1
========================================================================
Received Import Request.
  Time since last request: 0.000023 seconds.
  path: Assets/Rowlan/Terrain/Stamps/Examples/Brushes/Dover Cliffs 15.brush
  artifactKey: Guid(d90b41f1f041fc7438de5fed1661bc4b) Importer(815301076,1909f56bfc062723c751e8b465ee728b)
Number of updated assets reloaded before import = 0
Start importing Assets/Rowlan/Terrain/Stamps/Examples/Brushes/Dover Cliffs 15.brush using Guid(d90b41f1f041fc7438de5fed1661bc4b) Importer(815301076,1909f56bfc062723c751e8b465ee728b)  -> (artifact id: '27e410f090aa294393ba250e4ce53e69') in 0.025108 seconds 
Number of asset objects unloaded after import = 1
========================================================================
Received Import Request.
  Time since last request: 0.000020 seconds.
  path: Assets/Rowlan/Terrain/Stamps/Examples/Brushes/Meadows 12.brush
  artifactKey: Guid(40107fa807bc02b4ba519b34e067b50e) Importer(815301076,1909f56bfc062723c751e8b465ee728b)
Number of updated assets reloaded before import = 0
Start importing Assets/Rowlan/Terrain/Stamps/Examples/Brushes/Meadows 12.brush using Guid(40107fa807bc02b4ba519b34e067b50e) Importer(815301076,1909f56bfc062723c751e8b465ee728b)  -> (artifact id: 'acaca04e39f2fe0294b5cadfa382f1e1') in 0.019023 seconds 
Number of asset objects unloaded after import = 1
========================================================================
Received Import Request.
  Time since last request: 0.000031 seconds.
  path: Assets/Rowlan/Terrain/Stamps/Examples/Brushes/Impact 02.brush
  artifactKey: Guid(d2a0c7ec27d60164eb1e207ec21299a4) Importer(815301076,1909f56bfc062723c751e8b465ee728b)
Number of updated assets reloaded before import = 0
Start importing Assets/Rowlan/Terrain/Stamps/Examples/Brushes/Impact 02.brush using Guid(d2a0c7ec27d60164eb1e207ec21299a4) Importer(815301076,1909f56bfc062723c751e8b465ee728b)  -> (artifact id: 'd345c6dd80f018ff5d7ced7398493034') in 0.027371 seconds 
Number of asset objects unloaded after import = 1
========================================================================
Received Import Request.
  Time since last request: 0.000064 seconds.
  path: Assets/Rowlan/Terrain/Stamps/Examples/Brushes/Craters 01.brush
  artifactKey: Guid(5c496415f82768f4d849ca039a940718) Importer(815301076,1909f56bfc062723c751e8b465ee728b)
Number of updated assets reloaded before import = 0
Start importing Assets/Rowlan/Terrain/Stamps/Examples/Brushes/Craters 01.brush using Guid(5c496415f82768f4d849ca039a940718) Importer(815301076,1909f56bfc062723c751e8b465ee728b)  -> (artifact id: 'ebdea479a251790c44a92f95da7a2954') in 0.012965 seconds 
Number of asset objects unloaded after import = 1
========================================================================
Received Import Request.
  Time since last request: 0.000036 seconds.
  path: Assets/Rowlan/Terrain/Stamps/Examples/Brushes/Islands 23.brush
  artifactKey: Guid(472df1d235f68bf458f026d8b0af8d4d) Importer(815301076,1909f56bfc062723c751e8b465ee728b)
Number of updated assets reloaded before import = 0
Start importing Assets/Rowlan/Terrain/Stamps/Examples/Brushes/Islands 23.brush using Guid(472df1d235f68bf458f026d8b0af8d4d) Importer(815301076,1909f56bfc062723c751e8b465ee728b)  -> (artifact id: '2156aae1b8eaf01d0bc040f387feda06') in 0.013792 seconds 
Number of asset objects unloaded after import = 1
========================================================================
Received Import Request.
  Time since last request: 0.000031 seconds.
  path: Assets/Rowlan/Terrain/Stamps/Examples/Brushes/Rolling Hills 06.brush
  artifactKey: Guid(6f63636c6bcb86b4a8bed430e42c754a) Importer(815301076,1909f56bfc062723c751e8b465ee728b)
Number of updated assets reloaded before import = 0
Start importing Assets/Rowlan/Terrain/Stamps/Examples/Brushes/Rolling Hills 06.brush using Guid(6f63636c6bcb86b4a8bed430e42c754a) Importer(815301076,1909f56bfc062723c751e8b465ee728b)  -> (artifact id: '68a98514ab6234886105e80569f9ff96') in 0.018370 seconds 
Number of asset objects unloaded after import = 1
========================================================================
Received Import Request.
  Time since last request: 0.000028 seconds.
  path: Assets/Rowlan/Terrain/Stamps/Examples/Brushes/Meadows 28.brush
  artifactKey: Guid(904d3392a44f3e147bed897e766894a2) Importer(815301076,1909f56bfc062723c751e8b465ee728b)
Number of updated assets reloaded before import = 0
Start importing Assets/Rowlan/Terrain/Stamps/Examples/Brushes/Meadows 28.brush using Guid(904d3392a44f3e147bed897e766894a2) Importer(815301076,1909f56bfc062723c751e8b465ee728b)  -> (artifact id: 'af99d65b58480a7b28301e6cddf80c1a') in 0.025339 seconds 
Number of asset objects unloaded after import = 1
========================================================================
Received Import Request.
  Time since last request: 0.000047 seconds.
  path: Assets/Rowlan/Terrain/Stamps/Examples/Brushes/Rock Shapes 10.brush
  artifactKey: Guid(01c673950b38d53419d5c08d7d7dd8ab) Importer(815301076,1909f56bfc062723c751e8b465ee728b)
Number of updated assets reloaded before import = 0
Start importing Assets/Rowlan/Terrain/Stamps/Examples/Brushes/Rock Shapes 10.brush using Guid(01c673950b38d53419d5c08d7d7dd8ab) Importer(815301076,1909f56bfc062723c751e8b465ee728b)  -> (artifact id: '3bcd3eaa952cabbd08171b579a56275c') in 0.034034 seconds 
Number of asset objects unloaded after import = 1
========================================================================
Received Import Request.
  Time since last request: 0.000066 seconds.
  path: Assets/Rowlan/Terrain/Stamps/Examples/Brushes/Islands 07.brush
  artifactKey: Guid(a67a7cf986f221948a72ff804fa8b304) Importer(815301076,1909f56bfc062723c751e8b465ee728b)
Number of updated assets reloaded before import = 0
Start importing Assets/Rowlan/Terrain/Stamps/Examples/Brushes/Islands 07.brush using Guid(a67a7cf986f221948a72ff804fa8b304) Importer(815301076,1909f56bfc062723c751e8b465ee728b)  -> (artifact id: 'f7e30a34336cad13953e8734b441764a') in 0.011951 seconds 
Number of asset objects unloaded after import = 1
========================================================================
Received Import Request.
  Time since last request: 0.000032 seconds.
  path: Assets/Rowlan/Terrain/Stamps/Examples/Brushes/Highlands 09.brush
  artifactKey: Guid(b62f0a3a95b6abf45a0f849787d92a6e) Importer(815301076,1909f56bfc062723c751e8b465ee728b)
Number of updated assets reloaded before import = 0
Start importing Assets/Rowlan/Terrain/Stamps/Examples/Brushes/Highlands 09.brush using Guid(b62f0a3a95b6abf45a0f849787d92a6e) Importer(815301076,1909f56bfc062723c751e8b465ee728b)  -> (artifact id: '6f0efbbd039ebfd86ca27f8325937da4') in 0.011519 seconds 
Number of asset objects unloaded after import = 1
========================================================================
Received Import Request.
  Time since last request: 0.000036 seconds.
  path: Assets/Rowlan/Terrain/Stamps/Examples/Brushes/Dunes 11.brush
  artifactKey: Guid(15e2a86ef71aad243ac06a71b5e512ba) Importer(815301076,1909f56bfc062723c751e8b465ee728b)
Number of updated assets reloaded before import = 0
Start importing Assets/Rowlan/Terrain/Stamps/Examples/Brushes/Dunes 11.brush using Guid(15e2a86ef71aad243ac06a71b5e512ba) Importer(815301076,1909f56bfc062723c751e8b465ee728b)  -> (artifact id: '48204b4e3b1d0a66f588baf2ae519236') in 0.022026 seconds 
Number of asset objects unloaded after import = 1
========================================================================
Received Import Request.
  Time since last request: 0.000050 seconds.
  path: Assets/Rowlan/Terrain/Stamps/Examples/Brushes/Dunes 19.brush
  artifactKey: Guid(4e4386f9c01d5d045a99758250e0bd14) Importer(815301076,1909f56bfc062723c751e8b465ee728b)
Number of updated assets reloaded before import = 0
Start importing Assets/Rowlan/Terrain/Stamps/Examples/Brushes/Dunes 19.brush using Guid(4e4386f9c01d5d045a99758250e0bd14) Importer(815301076,1909f56bfc062723c751e8b465ee728b)  -> (artifact id: 'd93d167ea467c825d836e988157e1839') in 0.034074 seconds 
Number of asset objects unloaded after import = 1
========================================================================
Received Import Request.
  Time since last request: 64.317386 seconds.
  path: Assets/LowPolyEnviroPack_LITE_builtIn/LowPoly_PPP_A.asset
  artifactKey: Guid(66859198972452740bb82b0c70dd98fb) Importer(815301076,1909f56bfc062723c751e8b465ee728b)
Number of updated assets reloaded before import = 0
Start importing Assets/LowPolyEnviroPack_LITE_builtIn/LowPoly_PPP_A.asset using Guid(66859198972452740bb82b0c70dd98fb) Importer(815301076,1909f56bfc062723c751e8b465ee728b)  -> (artifact id: '4d272e0ba96ba145ad704eefcc33a2ce') in 0.025321 seconds 
Number of asset objects unloaded after import = 1
========================================================================
Received Import Request.
  Time since last request: 13.228367 seconds.
  path: Assets/LowPolyEnviroPack_LITE_builtIn/BeachArea_Set1
  artifactKey: Guid(cee579ba7a16cbd4c9ae195dd6ab2ca1) Importer(815301076,1909f56bfc062723c751e8b465ee728b)
Number of updated assets reloaded before import = 0
Start importing Assets/LowPolyEnviroPack_LITE_builtIn/BeachArea_Set1 using Guid(cee579ba7a16cbd4c9ae195dd6ab2ca1) Importer(815301076,1909f56bfc062723c751e8b465ee728b)  -> (artifact id: 'fd157d39a3fa57dc1af0368e1ee81157') in 0.017455 seconds 
Number of asset objects unloaded after import = 0
